注册指令 ic2 权限为 minecraft.command.ic2
注册指令 tffeature 权限为 minecraft.command.tffeature
注册指令 forestry 权限为 minecraft.command.forestry
注册指令 recipes_server 权限为 minecraft.command.recipes_server
注册指令 recipes_server 权限为 minecraft.command.recipes_server
注册指令 undoruin 权限为 minecraft.command.undoruin
注册指令 nmsot 权限为 minecraft.command.nmsot
注册指令 bs 权限为 minecraft.command.bs
注册指令 bedrockores 权限为 minecraft.command.bedrockores
注册指令 acach 权限为 minecraft.command.acach
注册指令 ic2 权限为 minecraft.command.ic2
注册指令 buildcraft 权限为 minecraft.command.buildcraft
注册指令 sereneseasons 权限为 minecraft.command.sereneseasons
注册指令 jtp 权限为 minecraft.command.jtp
注册指令 tffeature 权限为 minecraft.command.tffeature
注册指令 sereneseasons 权限为 minecraft.command.sereneseasons
注册指令 sereneseasons 权限为 minecraft.command.sereneseasons
注册指令 acach 权限为 minecraft.command.acach
注册指令 recipes_server 权限为 minecraft.command.recipes_server
注册指令 forge 权限为 minecraft.command.forge
注册指令 bedrockores 权限为 minecraft.command.bedrockores
注册指令 forestry 权限为 minecraft.command.forestry
注册指令 jtp 权限为 minecraft.command.jtp
注册指令 tffeature 权限为 minecraft.command.tffeature
注册指令 forestry 权限为 minecraft.command.forestry
注册指令 dumphandlers 权限为 minecraft.command.dumphandlers
注册指令 parseruin 权限为 minecraft.command.parseruin
注册指令 aim 权限为 minecraft.command.aim
注册指令 sereneseasons 权限为 minecraft.command.sereneseasons
注册指令 nmsot 权限为 minecraft.command.nmsot
注册指令 parseruin 权限为 minecraft.command.parseruin
注册指令 tffeature 权限为 minecraft.command.tffeature
注册指令 forge 权限为 minecraft.command.forge
注册指令 aim 权限为 minecraft.command.aim
注册指令 buildcraft 权限为 minecraft.command.buildcraft
注册指令 dumphandlers 权限为 minecraft.command.dumphandlers
注册指令 tffeature 权限为 minecraft.command.tffeature
注册指令 bs 权限为 minecraft.command.bs
注册指令 testruin 权限为 minecraft.command.testruin
注册指令 recipes_server 权限为 minecraft.command.recipes_server
注册指令 tffeature 权限为 minecraft.command.tffeature
注册指令 aimp 权限为 minecraft.command.aimp
注册指令 testruin 权限为 minecraft.command.testruin
注册指令 undoruin 权限为 minecraft.command.undoruin
注册指令 forestry 权限为 minecraft.command.forestry
注册指令 aimp 权限为 minecraft.command.aimp
