2019-5-25 12:10:39[Yum 能耗监控] 注意! 插件 LaggRemover 处理 drew6017.lr.main.LaggRemover$1 任务 耗时 80ms 平均耗时 80ms!
2019-5-25 12:32:44[Yum 能耗监控] 注意! 插件 LaggRemover 处理 drew6017.lr.main.LaggRemover$1 任务 耗时 280ms 平均耗时 280ms!
2019-5-25 13:05:15[Yum 能耗监控] 注意! 插件 LaggRemover 处理 drew6017.lr.main.LaggRemover$1 任务 耗时 97ms 平均耗时 97ms!
2019-5-25 13:35:29[Yum 能耗监控] 注意! 插件 LaggRemover 处理 drew6017.lr.main.LaggRemover$1 任务 耗时 109ms 平均耗时 109ms!
2019-5-25 13:42:11[Yum 能耗监控] 注意! 插件 LaggRemover 处理 drew6017.lr.main.LaggRemover$1 任务 耗时 103ms 平均耗时 103ms!
2019-5-25 13:51:36[Yum 能耗监控] 注意! 插件 LaggRemover 处理 drew6017.lr.main.LaggRemover$1 任务 耗时 75ms 平均耗时 75ms!
2019-5-25 16:21:40[Yum 能耗监控] 注意! 插件 LaggRemover 处理 drew6017.lr.main.LaggRemover$1 任务 耗时 114ms 平均耗时 114ms!
2019-5-25 16:22:29[Yum 能耗监控] 注意! 插件 LaggRemover 处理 drew6017.lr.main.LaggRemover$1 任务 耗时 163ms 平均耗时 163ms!
2019-5-25 16:24:14[Yum 能耗监控] 注意! 插件 LaggRemover 处理 drew6017.lr.main.LaggRemover$1 任务 耗时 190ms 平均耗时 190ms!
2019-5-25 16:27:23[Yum 能耗监控] 注意! 插件 LaggRemover 处理 drew6017.lr.main.LaggRemover$1 任务 耗时 74ms 平均耗时 74ms!
2019-5-25 16:31:16[Yum 能耗监控] 注意! 插件 LaggRemover 处理 drew6017.lr.main.LaggRemover$1 任务 耗时 249ms 平均耗时 249ms!
2019-5-25 16:31:38[Yum 能耗监控] 注意! 插件 ProtocolLib 处理 PlayerLoginEvent 事件 耗时 90ms 平均耗时 90ms!
2019-5-25 16:31:38[Yum 能耗监控] 注意! 插件 Essentials 处理 PlayerQuitEvent 事件 耗时 46ms 平均耗时 46ms!
2019-5-25 16:36:40[Yum 能耗监控] 注意! 插件 Essentials 处理 PlayerTeleportEvent 事件 耗时 26ms 平均耗时 26ms!
2019-5-25 16:43:00[Yum 能耗监控] 注意! 玩家 YuukiSkniro 执行 Yum 插件 yum ug SkinsRestorer 命令 耗时 3506ms 平均耗时 584ms!
2019-5-27 21:59:35[Yum 能耗监控] 注意! 插件 LaggRemover 处理 drew6017.lr.main.LaggRemover$1 任务 耗时 1215ms 平均耗时 1215ms!
2019-5-27 22:04:10[Yum 能耗监控] 注意! 插件 LaggRemover 处理 drew6017.lr.main.LaggRemover$1 任务 耗时 265ms 平均耗时 265ms!
2019-5-27 22:09:44[Yum 能耗监控] 注意! 插件 LaggRemover 处理 drew6017.lr.main.LaggRemover$1 任务 耗时 270ms 平均耗时 270ms!
2019-5-27 22:11:34[Yum 能耗监控] 注意! 插件 ProtocolLib 处理 PlayerLoginEvent 事件 耗时 47ms 平均耗时 47ms!
2019-5-27 22:11:35[Yum 能耗监控] 注意! 插件 Essentials 处理 PlayerTeleportEvent 事件 耗时 21ms 平均耗时 21ms!
2019-5-28 22:47:23[Yum 能耗监控] 注意! 插件 ProtocolLib 处理 PlayerLoginEvent 事件 耗时 65ms 平均耗时 65ms!
2019-5-28 22:47:25[Yum 能耗监控] 注意! 插件 Essentials 处理 PlayerTeleportEvent 事件 耗时 27ms 平均耗时 27ms!
2019-5-28 22:53:11[Yum 能耗监控] 注意! 插件 ProtocolLib 处理 PlayerLoginEvent 事件 耗时 61ms 平均耗时 61ms!
2019-5-28 22:53:12[Yum 能耗监控] 注意! 插件 Essentials 处理 PlayerTeleportEvent 事件 耗时 30ms 平均耗时 30ms!
2019-5-28 23:03:18[Yum 能耗监控] 注意! 插件 ProtocolLib 处理 PlayerLoginEvent 事件 耗时 59ms 平均耗时 59ms!
2019-5-28 23:03:19[Yum 能耗监控] 注意! 插件 Essentials 处理 PlayerTeleportEvent 事件 耗时 25ms 平均耗时 25ms!
2019-6-1 12:21:59[Yum 能耗监控] 注意! 插件 ProtocolLib 处理 PlayerLoginEvent 事件 耗时 64ms 平均耗时 64ms!
2019-6-1 12:22:00[Yum 能耗监控] 注意! 插件 Essentials 处理 PlayerTeleportEvent 事件 耗时 28ms 平均耗时 28ms!
2019-6-1 12:26:52[Yum 能耗监控] 注意! 插件 ProtocolLib 处理 PlayerLoginEvent 事件 耗时 59ms 平均耗时 59ms!
2019-6-1 12:26:53[Yum 能耗监控] 注意! 插件 Essentials 处理 PlayerTeleportEvent 事件 耗时 25ms 平均耗时 25ms!
2019-6-1 12:51:31[Yum 能耗监控] 注意! 插件 ProtocolLib 处理 PlayerLoginEvent 事件 耗时 59ms 平均耗时 59ms!
2019-6-1 12:51:32[Yum 能耗监控] 注意! 插件 Essentials 处理 PlayerTeleportEvent 事件 耗时 24ms 平均耗时 24ms!
2019-6-1 13:00:03[Yum 能耗监控] 注意! 插件 ProtocolLib 处理 PlayerLoginEvent 事件 耗时 66ms 平均耗时 66ms!
2019-6-1 13:00:04[Yum 能耗监控] 注意! 插件 Essentials 处理 PlayerTeleportEvent 事件 耗时 22ms 平均耗时 22ms!
2019-6-1 13:08:49[Yum 能耗监控] 注意! 插件 ProtocolLib 处理 PlayerLoginEvent 事件 耗时 97ms 平均耗时 97ms!
2019-6-1 13:08:51[Yum 能耗监控] 注意! 插件 Essentials 处理 PlayerTeleportEvent 事件 耗时 25ms 平均耗时 25ms!
2019-6-18 22:20:11[Yum 能耗监控] 注意! 插件 ProtocolLib 处理 PlayerLoginEvent 事件 耗时 64ms 平均耗时 64ms!
2019-6-18 22:20:12[Yum 能耗监控] 注意! 插件 Essentials 处理 PlayerTeleportEvent 事件 耗时 28ms 平均耗时 28ms!
2019-6-24 8:38:34[Yum 能耗监控] 注意! 插件 ProtocolLib 处理 PlayerLoginEvent 事件 耗时 86ms 平均耗时 86ms!
2019-6-24 8:38:36[Yum 能耗监控] 注意! 插件 Essentials 处理 PlayerTeleportEvent 事件 耗时 27ms 平均耗时 27ms!
2019-6-24 14:04:32[Yum 能耗监控] 注意! 插件 ProtocolLib 处理 PlayerLoginEvent 事件 耗时 72ms 平均耗时 72ms!
2019-6-24 14:04:34[Yum 能耗监控] 注意! 插件 Essentials 处理 PlayerTeleportEvent 事件 耗时 30ms 平均耗时 30ms!
2019-6-24 14:05:38[Yum 能耗监控] 注意! 插件 Essentials 处理 PlayerTeleportEvent 事件 耗时 34ms 平均耗时 32ms!
2019-6-24 14:07:08[Yum 能耗监控] 注意! 插件 Essentials 处理 PlayerQuitEvent 事件 耗时 22ms 平均耗时 22ms!
2019-6-24 14:15:42[Yum 能耗监控] 注意! 插件 ProtocolLib 处理 PlayerLoginEvent 事件 耗时 63ms 平均耗时 63ms!
2019-6-24 14:15:44[Yum 能耗监控] 注意! 插件 Essentials 处理 PlayerTeleportEvent 事件 耗时 25ms 平均耗时 25ms!
2019-6-24 14:28:25[Yum 能耗监控] 注意! 插件 ProtocolLib 处理 PlayerLoginEvent 事件 耗时 67ms 平均耗时 67ms!
2019-6-24 14:28:27[Yum 能耗监控] 注意! 插件 Essentials 处理 PlayerTeleportEvent 事件 耗时 23ms 平均耗时 23ms!
2019-6-24 14:36:45[Yum 能耗监控] 注意! 插件 ProtocolLib 处理 PlayerLoginEvent 事件 耗时 109ms 平均耗时 109ms!
2019-6-24 14:36:46[Yum 能耗监控] 注意! 插件 Essentials 处理 PlayerTeleportEvent 事件 耗时 24ms 平均耗时 24ms!
2019-11-11 14:40:55[Yum 能耗监控] 注意! 插件 ProtocolLib 处理 PlayerLoginEvent 事件 耗时 74ms 平均耗时 74ms!
2019-11-11 14:40:56[Yum 能耗监控] 注意! 插件 Essentials 处理 PlayerTeleportEvent 事件 耗时 29ms 平均耗时 29ms!
2019-11-11 15:09:14[Yum 能耗监控] 注意! 插件 ProtocolLib 处理 PlayerLoginEvent 事件 耗时 107ms 平均耗时 107ms!
2019-11-11 15:09:15[Yum 能耗监控] 注意! 插件 Essentials 处理 PlayerTeleportEvent 事件 耗时 25ms 平均耗时 25ms!
2019-11-11 15:28:36[Yum 能耗监控] 注意! 插件 ProtocolLib 处理 PlayerLoginEvent 事件 耗时 119ms 平均耗时 119ms!
2019-11-11 15:28:37[Yum 能耗监控] 注意! 插件 Essentials 处理 PlayerTeleportEvent 事件 耗时 25ms 平均耗时 25ms!
2019-11-16 20:14:33[Yum 能耗监控] 注意! 插件 ProtocolLib 处理 PlayerLoginEvent 事件 耗时 66ms 平均耗时 66ms!
2019-11-16 20:14:34[Yum 能耗监控] 注意! 插件 Essentials 处理 PlayerTeleportEvent 事件 耗时 26ms 平均耗时 26ms!
2019-11-17 11:49:59[Yum 能耗监控] 注意! 插件 ProtocolLib 处理 PlayerLoginEvent 事件 耗时 68ms 平均耗时 68ms!
2019-11-17 11:50:00[Yum 能耗监控] 注意! 插件 Essentials 处理 PlayerTeleportEvent 事件 耗时 51ms 平均耗时 51ms!
2019-11-30 11:36:37[Yum 能耗监控] 注意! 插件 ProtocolLib 处理 PlayerLoginEvent 事件 耗时 62ms 平均耗时 62ms!
2019-11-30 11:36:39[Yum 能耗监控] 注意! 插件 Essentials 处理 PlayerTeleportEvent 事件 耗时 27ms 平均耗时 27ms!
2019-11-30 20:50:56[Yum 能耗监控] 注意! 插件 ProtocolLib 处理 PlayerLoginEvent 事件 耗时 61ms 平均耗时 61ms!
2019-11-30 20:50:58[Yum 能耗监控] 注意! 插件 Essentials 处理 PlayerTeleportEvent 事件 耗时 25ms 平均耗时 25ms!
2019-11-30 22:57:49[Yum 能耗监控] 注意! 插件 ProtocolLib 处理 PlayerLoginEvent 事件 耗时 62ms 平均耗时 62ms!
2019-11-30 22:57:50[Yum 能耗监控] 注意! 插件 Essentials 处理 PlayerTeleportEvent 事件 耗时 23ms 平均耗时 23ms!
2019-12-1 15:47:54[Yum 能耗监控] 注意! 插件 ProtocolLib 处理 PlayerLoginEvent 事件 耗时 66ms 平均耗时 66ms!
2019-12-1 15:50:52[Yum 能耗监控] 注意! 插件 Essentials 处理 PlayerTeleportEvent 事件 耗时 27ms 平均耗时 27ms!
2019-12-1 16:35:10[Yum 能耗监控] 注意! 插件 ProtocolLib 处理 PlayerLoginEvent 事件 耗时 62ms 平均耗时 62ms!
2019-12-1 16:35:11[Yum 能耗监控] 注意! 插件 Essentials 处理 PlayerTeleportEvent 事件 耗时 23ms 平均耗时 23ms!
2019-12-1 17:49:58[Yum 能耗监控] 注意! 插件 ProtocolLib 处理 PlayerLoginEvent 事件 耗时 62ms 平均耗时 62ms!
2019-12-1 17:56:40[Yum 能耗监控] 注意! 插件 ProtocolLib 处理 PlayerLoginEvent 事件 耗时 102ms 平均耗时 102ms!
2019-12-1 17:58:23[Yum 能耗监控] 注意! 插件 ProtocolLib 处理 PlayerLoginEvent 事件 耗时 101ms 平均耗时 101ms!
2019-12-1 17:58:24[Yum 能耗监控] 注意! 插件 Essentials 处理 PlayerTeleportEvent 事件 耗时 23ms 平均耗时 23ms!
2019-12-1 18:01:58[Yum 能耗监控] 注意! 插件 ProtocolLib 处理 PlayerLoginEvent 事件 耗时 60ms 平均耗时 60ms!
2019-12-1 18:05:12[Yum 能耗监控] 注意! 插件 ProtocolLib 处理 PlayerLoginEvent 事件 耗时 66ms 平均耗时 66ms!
2019-12-1 18:05:13[Yum 能耗监控] 注意! 插件 Essentials 处理 PlayerTeleportEvent 事件 耗时 23ms 平均耗时 23ms!
2019-12-14 21:22:10[Yum 能耗监控] 注意! 插件 ProtocolLib 处理 PlayerLoginEvent 事件 耗时 108ms 平均耗时 108ms!
2019-12-14 21:22:11[Yum 能耗监控] 注意! 插件 Essentials 处理 PlayerTeleportEvent 事件 耗时 28ms 平均耗时 28ms!
2019-12-29 17:55:35[Yum 能耗监控] 注意! 插件 ProtocolLib 处理 PlayerLoginEvent 事件 耗时 65ms 平均耗时 65ms!
2019-12-29 17:55:38[Yum 能耗监控] 注意! 插件 Essentials 处理 PlayerTeleportEvent 事件 耗时 36ms 平均耗时 36ms!
2020-1-4 21:15:06[Yum 能耗监控] 注意! 插件 ProtocolLib 处理 PlayerLoginEvent 事件 耗时 64ms 平均耗时 64ms!
2020-1-4 21:15:07[Yum 能耗监控] 注意! 插件 Essentials 处理 PlayerTeleportEvent 事件 耗时 29ms 平均耗时 29ms!
2020-1-18 18:06:34[Yum 能耗监控] 注意! 插件 ProtocolLib 处理 PlayerLoginEvent 事件 耗时 52ms 平均耗时 52ms!
2020-1-18 18:06:40[Yum 能耗监控] 注意! 插件 Essentials 处理 PlayerTeleportEvent 事件 耗时 28ms 平均耗时 28ms!
2020-1-18 19:02:50[Yum 能耗监控] 注意! 插件 ProtocolLib 处理 PlayerLoginEvent 事件 耗时 90ms 平均耗时 90ms!
2020-1-18 19:02:51[Yum 能耗监控] 注意! 插件 Essentials 处理 PlayerTeleportEvent 事件 耗时 29ms 平均耗时 29ms!
2020-1-18 19:08:09[Yum 能耗监控] 注意! 插件 VexView 处理 ButtonClickEvent 事件 耗时 29ms 平均耗时 29ms!
2020-1-18 19:44:47[Yum 能耗监控] 注意! 插件 ProtocolLib 处理 PlayerLoginEvent 事件 耗时 96ms 平均耗时 96ms!
2020-1-18 19:44:48[Yum 能耗监控] 注意! 插件 Calendar 处理 PlayerJoinEvent 事件 耗时 84ms 平均耗时 84ms!
2020-1-18 19:44:49[Yum 能耗监控] 注意! 插件 BlueFriends 处理 PlayerJoinEvent 事件 耗时 1447ms 平均耗时 1447ms!
2020-1-18 19:44:49[Yum 能耗监控] 注意! 插件 Essentials 处理 PlayerTeleportEvent 事件 耗时 29ms 平均耗时 29ms!
2020-1-18 20:08:03[Yum 能耗监控] 注意! 插件 BlueFriends 处理 PlayerQuitEvent 事件 耗时 83ms 平均耗时 83ms!
2020-1-18 20:12:16[Yum 能耗监控] 注意! 插件 BlueFriends 处理 PlayerJoinEvent 事件 耗时 87ms 平均耗时 767ms!
2020-1-18 20:13:31[Yum 能耗监控] 注意! 插件 ProtocolLib 处理 PlayerLoginEvent 事件 耗时 95ms 平均耗时 95ms!
2020-1-18 20:13:32[Yum 能耗监控] 注意! 插件 Calendar 处理 PlayerJoinEvent 事件 耗时 79ms 平均耗时 79ms!
2020-1-18 20:13:32[Yum 能耗监控] 注意! 插件 BlueFriends 处理 PlayerJoinEvent 事件 耗时 109ms 平均耗时 109ms!
2020-1-18 20:13:32[Yum 能耗监控] 注意! 插件 Essentials 处理 PlayerTeleportEvent 事件 耗时 31ms 平均耗时 31ms!
2020-1-18 20:21:32[Yum 能耗监控] 注意! 玩家 YuukiSkniro 执行 imiPet 插件 imipet open 命令 耗时 33ms 平均耗时 33ms!
2020-1-18 20:25:35[Yum 能耗监控] 注意! 玩家 YuukiSkniro 执行 imiPet 插件 imipet follow 1 命令 耗时 316ms 平均耗时 35ms!
2020-1-18 20:32:31[Yum 能耗监控] 注意! 插件 BlueFriends 处理 PlayerQuitEvent 事件 耗时 85ms 平均耗时 85ms!
2020-1-18 20:32:40[Yum 能耗监控] 注意! 插件 BlueFriends 处理 PlayerJoinEvent 事件 耗时 82ms 平均耗时 95ms!
2020-1-18 20:32:48[Yum 能耗监控] 注意! 插件 BlueFriends 处理 PlayerQuitEvent 事件 耗时 77ms 平均耗时 81ms!
2020-1-18 20:33:54[Yum 能耗监控] 注意! 插件 BlueFriends 处理 PlayerJoinEvent 事件 耗时 83ms 平均耗时 91ms!
2020-1-18 20:53:52[Yum 能耗监控] 注意! 插件 ProtocolLib 处理 PlayerLoginEvent 事件 耗时 94ms 平均耗时 94ms!
2020-1-18 20:53:54[Yum 能耗监控] 注意! 插件 Calendar 处理 PlayerJoinEvent 事件 耗时 72ms 平均耗时 72ms!
2020-1-18 20:53:54[Yum 能耗监控] 注意! 插件 BlueFriends 处理 PlayerJoinEvent 事件 耗时 129ms 平均耗时 129ms!
2020-1-18 20:53:54[Yum 能耗监控] 注意! 插件 Essentials 处理 PlayerTeleportEvent 事件 耗时 28ms 平均耗时 28ms!
2020-1-18 20:55:19[Yum 能耗监控] 注意! 插件 BlueFriends 处理 PlayerQuitEvent 事件 耗时 89ms 平均耗时 89ms!
2020-1-18 20:55:28[Yum 能耗监控] 注意! 插件 BlueFriends 处理 PlayerJoinEvent 事件 耗时 93ms 平均耗时 111ms!
2020-1-18 20:55:36[Yum 能耗监控] 注意! 插件 BlueFriends 处理 PlayerQuitEvent 事件 耗时 94ms 平均耗时 91ms!
2020-1-18 20:56:56[Yum 能耗监控] 注意! 插件 BlueFriends 处理 PlayerJoinEvent 事件 耗时 97ms 平均耗时 107ms!
2020-1-18 20:57:12[Yum 能耗监控] 注意! 插件 BlueFriends 处理 PlayerQuitEvent 事件 耗时 86ms 平均耗时 90ms!
2020-1-18 20:57:20[Yum 能耗监控] 注意! 插件 BlueFriends 处理 PlayerJoinEvent 事件 耗时 93ms 平均耗时 103ms!
2020-1-18 20:57:31[Yum 能耗监控] 注意! 插件 BlueFriends 处理 PlayerQuitEvent 事件 耗时 75ms 平均耗时 86ms!
2020-1-18 20:59:44[Yum 能耗监控] 注意! 插件 BlueFriends 处理 PlayerJoinEvent 事件 耗时 95ms 平均耗时 102ms!
2020-1-18 20:59:54[Yum 能耗监控] 注意! 插件 BlueFriends 处理 PlayerQuitEvent 事件 耗时 113ms 平均耗时 91ms!
2020-1-18 21:00:02[Yum 能耗监控] 注意! 插件 BlueFriends 处理 PlayerJoinEvent 事件 耗时 66ms 平均耗时 96ms!
2020-1-18 21:00:10[Yum 能耗监控] 注意! 插件 BlueFriends 处理 PlayerQuitEvent 事件 耗时 125ms 平均耗时 97ms!
2020-1-18 21:01:36[Yum 能耗监控] 注意! 插件 ProtocolLib 处理 PlayerLoginEvent 事件 耗时 49ms 平均耗时 49ms!
2020-1-18 21:01:37[Yum 能耗监控] 注意! 插件 Calendar 处理 PlayerJoinEvent 事件 耗时 77ms 平均耗时 77ms!
2020-1-18 21:01:37[Yum 能耗监控] 注意! 插件 BlueFriends 处理 PlayerJoinEvent 事件 耗时 179ms 平均耗时 179ms!
2020-1-18 21:01:37[Yum 能耗监控] 注意! 插件 Essentials 处理 PlayerTeleportEvent 事件 耗时 28ms 平均耗时 28ms!
2020-1-18 21:01:45[Yum 能耗监控] 注意! 插件 BlueFriends 处理 PlayerQuitEvent 事件 耗时 145ms 平均耗时 145ms!
2020-1-18 21:01:53[Yum 能耗监控] 注意! 插件 BlueFriends 处理 PlayerJoinEvent 事件 耗时 164ms 平均耗时 171ms!
2020-1-18 21:03:19[Yum 能耗监控] 注意! 插件 BlueFriends 处理 PlayerQuitEvent 事件 耗时 98ms 平均耗时 121ms!
2020-1-18 21:05:25[Yum 能耗监控] 注意! 插件 BlueFriends 处理 PlayerJoinEvent 事件 耗时 82ms 平均耗时 142ms!
2020-1-18 21:06:41[Yum 能耗监控] 注意! 插件 VexView 处理 ButtonClickEvent 事件 耗时 59ms 平均耗时 59ms!
2020-1-18 21:13:00[Yum 能耗监控] 注意! 插件 BlueFriends 处理 PlayerQuitEvent 事件 耗时 83ms 平均耗时 109ms!
2020-1-19 10:51:16[Yum 能耗监控] 注意! 插件 ProtocolLib 处理 PlayerLoginEvent 事件 耗时 49ms 平均耗时 49ms!
2020-1-19 10:51:17[Yum 能耗监控] 注意! 插件 Calendar 处理 PlayerJoinEvent 事件 耗时 83ms 平均耗时 83ms!
2020-1-19 10:51:17[Yum 能耗监控] 注意! 插件 BlueFriends 处理 PlayerJoinEvent 事件 耗时 98ms 平均耗时 98ms!
2020-1-19 10:51:17[Yum 能耗监控] 注意! 插件 Essentials 处理 PlayerTeleportEvent 事件 耗时 32ms 平均耗时 32ms!
2020-1-19 10:51:26[Yum 能耗监控] 注意! 插件 BlueFriends 处理 PlayerQuitEvent 事件 耗时 93ms 平均耗时 93ms!
2020-1-19 10:51:34[Yum 能耗监控] 注意! 插件 BlueFriends 处理 PlayerJoinEvent 事件 耗时 109ms 平均耗时 103ms!
2020-1-19 10:51:41[Yum 能耗监控] 注意! 插件 BlueFriends 处理 PlayerQuitEvent 事件 耗时 101ms 平均耗时 97ms!
2020-1-19 10:54:59[Yum 能耗监控] 注意! 插件 BlueFriends 处理 PlayerJoinEvent 事件 耗时 94ms 平均耗时 100ms!
2020-1-19 10:55:15[Yum 能耗监控] 注意! 插件 BlueFriends 处理 PlayerQuitEvent 事件 耗时 128ms 平均耗时 107ms!
2020-1-19 10:57:14[Yum 能耗监控] 注意! 插件 BlueFriends 处理 PlayerJoinEvent 事件 耗时 93ms 平均耗时 99ms!
2020-1-19 10:57:21[Yum 能耗监控] 注意! 插件 BlueFriends 处理 PlayerQuitEvent 事件 耗时 110ms 平均耗时 108ms!
2020-1-19 10:59:29[Yum 能耗监控] 注意! 插件 BlueFriends 处理 PlayerJoinEvent 事件 耗时 98ms 平均耗时 98ms!
2020-1-19 10:59:39[Yum 能耗监控] 注意! 插件 BlueFriends 处理 PlayerQuitEvent 事件 耗时 90ms 平均耗时 104ms!
2020-1-19 11:03:08[Yum 能耗监控] 注意! 插件 ProtocolLib 处理 PlayerLoginEvent 事件 耗时 87ms 平均耗时 87ms!
2020-1-19 11:03:08[Yum 能耗监控] 注意! 插件 Calendar 处理 PlayerJoinEvent 事件 耗时 112ms 平均耗时 112ms!
2020-1-19 11:03:08[Yum 能耗监控] 注意! 插件 BlueFriends 处理 PlayerJoinEvent 事件 耗时 131ms 平均耗时 131ms!
2020-1-19 11:03:08[Yum 能耗监控] 注意! 插件 Essentials 处理 PlayerTeleportEvent 事件 耗时 33ms 平均耗时 33ms!
2020-1-19 11:03:18[Yum 能耗监控] 注意! 插件 BlueFriends 处理 PlayerQuitEvent 事件 耗时 117ms 平均耗时 117ms!
2020-1-19 11:03:23[Yum 能耗监控] 注意! 插件 BlueFriends 处理 PlayerJoinEvent 事件 耗时 80ms 平均耗时 105ms!
2020-1-19 11:03:27[Yum 能耗监控] 注意! 插件 BlueFriends 处理 PlayerQuitEvent 事件 耗时 109ms 平均耗时 113ms!
2020-1-19 11:05:20[Yum 能耗监控] 注意! 插件 BlueFriends 处理 PlayerJoinEvent 事件 耗时 91ms 平均耗时 100ms!
2020-1-19 11:05:39[Yum 能耗监控] 注意! 插件 BlueFriends 处理 PlayerQuitEvent 事件 耗时 89ms 平均耗时 105ms!
2020-1-19 11:05:45[Yum 能耗监控] 注意! 插件 BlueFriends 处理 PlayerJoinEvent 事件 耗时 116ms 平均耗时 104ms!
2020-1-19 11:05:56[Yum 能耗监控] 注意! 插件 BlueFriends 处理 PlayerQuitEvent 事件 耗时 93ms 平均耗时 102ms!
2020-1-19 11:31:00[Yum 能耗监控] 注意! 插件 ProtocolLib 处理 PlayerLoginEvent 事件 耗时 54ms 平均耗时 54ms!
2020-1-19 11:31:00[Yum 能耗监控] 注意! 插件 Calendar 处理 PlayerJoinEvent 事件 耗时 86ms 平均耗时 86ms!
2020-1-19 11:31:00[Yum 能耗监控] 注意! 插件 BlueFriends 处理 PlayerJoinEvent 事件 耗时 105ms 平均耗时 105ms!
2020-1-19 11:31:01[Yum 能耗监控] 注意! 插件 Essentials 处理 PlayerTeleportEvent 事件 耗时 41ms 平均耗时 41ms!
2020-1-19 11:39:24[Yum 能耗监控] 注意! 插件 imiPet 处理 PlayerExpChangeEvent 事件 耗时 276ms 平均耗时 276ms!
2020-1-19 11:46:25[Yum 能耗监控] 注意! 插件 ProtocolLib 处理 PlayerLoginEvent 事件 耗时 95ms 平均耗时 95ms!
2020-1-19 11:46:35[Yum 能耗监控] 注意! 插件 Calendar 处理 PlayerJoinEvent 事件 耗时 137ms 平均耗时 137ms!
2020-1-19 11:46:35[Yum 能耗监控] 注意! 插件 BlueFriends 处理 PlayerJoinEvent 事件 耗时 112ms 平均耗时 112ms!
2020-1-19 11:46:35[Yum 能耗监控] 注意! 插件 Essentials 处理 PlayerTeleportEvent 事件 耗时 44ms 平均耗时 44ms!
2020-1-19 11:46:38[Yum 能耗监控] 注意! 插件 BlueFriends 处理 PlayerQuitEvent 事件 耗时 95ms 平均耗时 95ms!
2020-1-19 11:46:54[Yum 能耗监控] 注意! 插件 Calendar 处理 PlayerJoinEvent 事件 耗时 46ms 平均耗时 91ms!
2020-1-19 11:46:54[Yum 能耗监控] 注意! 插件 BlueFriends 处理 PlayerJoinEvent 事件 耗时 93ms 平均耗时 102ms!
2020-1-19 11:46:57[Yum 能耗监控] 注意! 插件 BlueFriends 处理 PlayerQuitEvent 事件 耗时 76ms 平均耗时 86ms!
2020-1-19 11:48:04[Yum 能耗监控] 注意! 插件 Calendar 处理 PlayerJoinEvent 事件 耗时 47ms 平均耗时 76ms!
2020-1-19 11:48:04[Yum 能耗监控] 注意! 插件 BlueFriends 处理 PlayerJoinEvent 事件 耗时 96ms 平均耗时 100ms!
2020-1-19 11:48:16[Yum 能耗监控] 注意! 插件 BlueFriends 处理 PlayerQuitEvent 事件 耗时 72ms 平均耗时 81ms!
2020-1-19 11:48:21[Yum 能耗监控] 注意! 插件 Calendar 处理 PlayerJoinEvent 事件 耗时 45ms 平均耗时 68ms!
2020-1-19 11:48:21[Yum 能耗监控] 注意! 插件 BlueFriends 处理 PlayerJoinEvent 事件 耗时 103ms 平均耗时 101ms!
2020-1-19 11:48:26[Yum 能耗监控] 注意! 插件 BlueFriends 处理 PlayerQuitEvent 事件 耗时 78ms 平均耗时 80ms!
2020-1-19 11:51:31[Yum 能耗监控] 注意! 插件 Calendar 处理 PlayerJoinEvent 事件 耗时 25ms 平均耗时 25ms!
2020-1-19 11:51:31[Yum 能耗监控] 注意! 插件 BlueFriends 处理 PlayerJoinEvent 事件 耗时 103ms 平均耗时 103ms!
2020-1-19 11:51:44[Yum 能耗监控] 注意! 插件 BlueFriends 处理 PlayerQuitEvent 事件 耗时 105ms 平均耗时 105ms!
2020-1-19 11:51:49[Yum 能耗监控] 注意! 插件 BlueFriends 处理 PlayerJoinEvent 事件 耗时 103ms 平均耗时 103ms!
2020-1-19 11:51:53[Yum 能耗监控] 注意! 插件 BlueFriends 处理 PlayerQuitEvent 事件 耗时 134ms 平均耗时 119ms!
2020-1-19 12:31:40[Yum 能耗监控] 注意! 插件 ProtocolLib 处理 PlayerLoginEvent 事件 耗时 91ms 平均耗时 91ms!
2020-1-19 12:31:40[Yum 能耗监控] 注意! 插件 Calendar 处理 PlayerJoinEvent 事件 耗时 158ms 平均耗时 158ms!
2020-1-19 12:31:40[Yum 能耗监控] 注意! 插件 BlueFriends 处理 PlayerJoinEvent 事件 耗时 117ms 平均耗时 117ms!
2020-1-19 12:31:40[Yum 能耗监控] 注意! 插件 Essentials 处理 PlayerTeleportEvent 事件 耗时 29ms 平均耗时 29ms!
2020-1-19 12:31:45[Yum 能耗监控] 注意! 插件 BlueFriends 处理 PlayerQuitEvent 事件 耗时 82ms 平均耗时 82ms!
2020-1-19 12:34:40[Yum 能耗监控] 注意! 插件 Calendar 处理 PlayerJoinEvent 事件 耗时 55ms 平均耗时 107ms!
2020-1-19 12:34:40[Yum 能耗监控] 注意! 插件 BlueFriends 处理 PlayerJoinEvent 事件 耗时 96ms 平均耗时 107ms!
2020-1-19 12:40:01[Yum 能耗监控] 注意! 插件 ProtocolLib 处理 PlayerLoginEvent 事件 耗时 54ms 平均耗时 54ms!
2020-1-19 12:40:02[Yum 能耗监控] 注意! 插件 Calendar 处理 PlayerJoinEvent 事件 耗时 159ms 平均耗时 159ms!
2020-1-19 12:40:02[Yum 能耗监控] 注意! 插件 BlueFriends 处理 PlayerJoinEvent 事件 耗时 101ms 平均耗时 101ms!
2020-1-19 12:40:02[Yum 能耗监控] 注意! 插件 Essentials 处理 PlayerTeleportEvent 事件 耗时 28ms 平均耗时 28ms!
2020-1-19 12:46:16[Yum 能耗监控] 注意! 插件 BlueFriends 处理 PlayerQuitEvent 事件 耗时 79ms 平均耗时 79ms!
2020-1-19 12:48:05[Yum 能耗监控] 注意! 插件 Calendar 处理 PlayerJoinEvent 事件 耗时 48ms 平均耗时 104ms!
2020-1-19 12:48:05[Yum 能耗监控] 注意! 插件 BlueFriends 处理 PlayerJoinEvent 事件 耗时 117ms 平均耗时 109ms!
2020-1-19 12:53:18[Yum 能耗监控] 注意! 插件 BlueFriends 处理 PlayerQuitEvent 事件 耗时 106ms 平均耗时 92ms!
2020-1-19 12:53:26[Yum 能耗监控] 注意! 插件 Calendar 处理 PlayerJoinEvent 事件 耗时 41ms 平均耗时 83ms!
2020-1-19 12:53:26[Yum 能耗监控] 注意! 插件 BlueFriends 处理 PlayerJoinEvent 事件 耗时 102ms 平均耗时 107ms!
2020-1-19 12:54:57[Yum 能耗监控] 注意! 插件 BlueFriends 处理 PlayerQuitEvent 事件 耗时 81ms 平均耗时 89ms!
2020-1-19 12:55:24[Yum 能耗监控] 注意! 插件 Calendar 处理 PlayerJoinEvent 事件 耗时 40ms 平均耗时 72ms!
2020-1-19 12:55:24[Yum 能耗监控] 注意! 插件 BlueFriends 处理 PlayerJoinEvent 事件 耗时 128ms 平均耗时 112ms!
2020-1-19 12:55:38[Yum 能耗监控] 注意! 插件 BlueFriends 处理 PlayerQuitEvent 事件 耗时 79ms 平均耗时 86ms!
2020-1-19 12:55:43[Yum 能耗监控] 注意! 插件 Calendar 处理 PlayerJoinEvent 事件 耗时 41ms 平均耗时 66ms!
2020-1-19 12:55:43[Yum 能耗监控] 注意! 插件 BlueFriends 处理 PlayerJoinEvent 事件 耗时 85ms 平均耗时 107ms!
2020-1-19 12:57:12[Yum 能耗监控] 注意! 插件 BlueFriends 处理 PlayerQuitEvent 事件 耗时 95ms 平均耗时 88ms!
2020-1-19 12:58:06[Yum 能耗监控] 注意! 插件 Calendar 处理 PlayerJoinEvent 事件 耗时 39ms 平均耗时 62ms!
2020-1-19 12:58:07[Yum 能耗监控] 注意! 插件 BlueFriends 处理 PlayerJoinEvent 事件 耗时 99ms 平均耗时 105ms!
2020-1-19 13:01:28[Yum 能耗监控] 注意! 插件 ProtocolLib 处理 PlayerLoginEvent 事件 耗时 95ms 平均耗时 95ms!
2020-1-19 13:01:29[Yum 能耗监控] 注意! 插件 Calendar 处理 PlayerJoinEvent 事件 耗时 151ms 平均耗时 151ms!
2020-1-19 13:01:29[Yum 能耗监控] 注意! 插件 BlueFriends 处理 PlayerJoinEvent 事件 耗时 105ms 平均耗时 105ms!
2020-1-19 13:01:29[Yum 能耗监控] 注意! 插件 Essentials 处理 PlayerTeleportEvent 事件 耗时 33ms 平均耗时 33ms!
2020-1-19 13:02:31[Yum 能耗监控] 注意! 插件 BlueFriends 处理 PlayerQuitEvent 事件 耗时 91ms 平均耗时 91ms!
2020-1-19 13:09:02[Yum 能耗监控] 注意! 插件 ProtocolLib 处理 PlayerLoginEvent 事件 耗时 51ms 平均耗时 51ms!
2020-1-19 13:09:03[Yum 能耗监控] 注意! 插件 Calendar 处理 PlayerJoinEvent 事件 耗时 144ms 平均耗时 144ms!
2020-1-19 13:09:03[Yum 能耗监控] 注意! 插件 BlueFriends 处理 PlayerJoinEvent 事件 耗时 101ms 平均耗时 101ms!
2020-1-19 13:09:03[Yum 能耗监控] 注意! 插件 Essentials 处理 PlayerTeleportEvent 事件 耗时 29ms 平均耗时 29ms!
2020-1-19 13:11:40[Yum 能耗监控] 注意! 插件 BlueFriends 处理 PlayerQuitEvent 事件 耗时 73ms 平均耗时 73ms!
2020-1-19 13:11:48[Yum 能耗监控] 注意! 插件 Calendar 处理 PlayerJoinEvent 事件 耗时 43ms 平均耗时 93ms!
2020-1-19 13:11:48[Yum 能耗监控] 注意! 插件 BlueFriends 处理 PlayerJoinEvent 事件 耗时 84ms 平均耗时 92ms!
2020-1-19 13:14:15[Yum 能耗监控] 注意! 插件 ProtocolLib 处理 PlayerLoginEvent 事件 耗时 101ms 平均耗时 101ms!
2020-1-19 13:14:16[Yum 能耗监控] 注意! 插件 Calendar 处理 PlayerJoinEvent 事件 耗时 152ms 平均耗时 152ms!
2020-1-19 13:14:16[Yum 能耗监控] 注意! 插件 BlueFriends 处理 PlayerJoinEvent 事件 耗时 118ms 平均耗时 118ms!
2020-1-19 13:14:16[Yum 能耗监控] 注意! 插件 Essentials 处理 PlayerTeleportEvent 事件 耗时 30ms 平均耗时 30ms!
2020-1-19 13:18:27[Yum 能耗监控] 注意! 插件 BlueFriends 处理 PlayerQuitEvent 事件 耗时 83ms 平均耗时 83ms!
2020-1-19 13:18:34[Yum 能耗监控] 注意! 插件 Calendar 处理 PlayerJoinEvent 事件 耗时 43ms 平均耗时 97ms!
2020-1-19 13:18:34[Yum 能耗监控] 注意! 插件 BlueFriends 处理 PlayerJoinEvent 事件 耗时 80ms 平均耗时 99ms!
2020-1-19 13:58:17[Yum 能耗监控] 注意! 玩家 YuukiSkniro 执行 Calendar 插件 calendar  命令 耗时 36ms 平均耗时 36ms!
2020-1-19 13:58:20[Yum 能耗监控] 注意! 插件 VexView 处理 ButtonClickEvent 事件 耗时 95ms 平均耗时 95ms!
2020-1-19 14:00:21[Yum 能耗监控] 注意! 插件 ProtocolLib 处理 PlayerLoginEvent 事件 耗时 103ms 平均耗时 103ms!
2020-1-19 14:00:22[Yum 能耗监控] 注意! 插件 Calendar 处理 PlayerJoinEvent 事件 耗时 161ms 平均耗时 161ms!
2020-1-19 14:00:22[Yum 能耗监控] 注意! 插件 BlueFriends 处理 PlayerJoinEvent 事件 耗时 133ms 平均耗时 133ms!
2020-1-19 14:00:22[Yum 能耗监控] 注意! 插件 Essentials 处理 PlayerTeleportEvent 事件 耗时 28ms 平均耗时 28ms!
2020-1-19 14:01:36[Yum 能耗监控] 注意! 插件 BlueFriends 处理 PlayerQuitEvent 事件 耗时 101ms 平均耗时 101ms!
2020-1-19 14:01:42[Yum 能耗监控] 注意! 插件 Calendar 处理 PlayerJoinEvent 事件 耗时 47ms 平均耗时 104ms!
2020-1-19 14:01:42[Yum 能耗监控] 注意! 插件 BlueFriends 处理 PlayerJoinEvent 事件 耗时 71ms 平均耗时 102ms!
2020-1-19 14:02:22[Yum 能耗监控] 注意! 插件 BlueFriends 处理 PlayerQuitEvent 事件 耗时 109ms 平均耗时 105ms!
2020-1-19 14:02:28[Yum 能耗监控] 注意! 插件 Calendar 处理 PlayerJoinEvent 事件 耗时 44ms 平均耗时 84ms!
2020-1-19 14:02:28[Yum 能耗监控] 注意! 插件 BlueFriends 处理 PlayerJoinEvent 事件 耗时 80ms 平均耗时 95ms!
2020-1-19 14:03:12[Yum 能耗监控] 注意! 插件 ProtocolLib 处理 PlayerLoginEvent 事件 耗时 98ms 平均耗时 98ms!
2020-1-19 14:03:13[Yum 能耗监控] 注意! 插件 Calendar 处理 PlayerJoinEvent 事件 耗时 159ms 平均耗时 159ms!
2020-1-19 14:03:13[Yum 能耗监控] 注意! 插件 BlueFriends 处理 PlayerJoinEvent 事件 耗时 121ms 平均耗时 121ms!
2020-1-19 14:03:13[Yum 能耗监控] 注意! 插件 Essentials 处理 PlayerTeleportEvent 事件 耗时 27ms 平均耗时 27ms!
2020-1-19 14:03:20[Yum 能耗监控] 注意! 插件 VexView 处理 ButtonClickEvent 事件 耗时 21ms 平均耗时 21ms!
2020-1-19 14:03:57[Yum 能耗监控] 注意! 玩家 YuukiSkniro 执行 Calendar 插件 calendar  命令 耗时 60ms 平均耗时 60ms!
2020-1-19 14:03:57[Yum 能耗监控] 注意! 插件 VexView 处理 ButtonClickEvent 事件 耗时 71ms 平均耗时 46ms!
2020-1-19 14:03:59[Yum 能耗监控] 注意! 玩家 YuukiSkniro 执行 Calendar 插件 calendar  命令 耗时 52ms 平均耗时 56ms!
2020-1-19 14:03:59[Yum 能耗监控] 注意! 插件 VexView 处理 ButtonClickEvent 事件 耗时 63ms 平均耗时 51ms!
2020-1-19 14:05:57[Yum 能耗监控] 注意! 玩家 YuukiSkniro 执行 Calendar 插件 calendar  命令 耗时 54ms 平均耗时 56ms!
2020-1-19 14:05:57[Yum 能耗监控] 注意! 插件 VexView 处理 ButtonClickEvent 事件 耗时 66ms 平均耗时 55ms!
2020-1-19 14:06:05[Yum 能耗监控] 注意! 玩家 YuukiSkniro 执行 Calendar 插件 calendar  命令 耗时 49ms 平均耗时 54ms!
2020-1-19 14:06:05[Yum 能耗监控] 注意! 插件 VexView 处理 ButtonClickEvent 事件 耗时 58ms 平均耗时 56ms!
2020-1-19 14:06:26[Yum 能耗监控] 注意! 玩家 YuukiSkniro 执行 Calendar 插件 calendar  命令 耗时 39ms 平均耗时 51ms!
2020-1-19 14:06:35[Yum 能耗监控] 注意! 玩家 YuukiSkniro 执行 Calendar 插件 calendar  命令 耗时 37ms 平均耗时 49ms!
2020-1-19 14:09:40[Yum 能耗监控] 注意! 插件 ProtocolLib 处理 PlayerLoginEvent 事件 耗时 95ms 平均耗时 95ms!
2020-1-19 14:09:41[Yum 能耗监控] 注意! 插件 Calendar 处理 PlayerJoinEvent 事件 耗时 157ms 平均耗时 157ms!
2020-1-19 14:09:41[Yum 能耗监控] 注意! 插件 BlueFriends 处理 PlayerJoinEvent 事件 耗时 103ms 平均耗时 103ms!
2020-1-19 14:09:41[Yum 能耗监控] 注意! 插件 Essentials 处理 PlayerTeleportEvent 事件 耗时 27ms 平均耗时 27ms!
2020-1-19 14:09:48[Yum 能耗监控] 注意! 玩家 YuukiSkniro 执行 Calendar 插件 calendar  命令 耗时 55ms 平均耗时 55ms!
2020-1-19 14:09:48[Yum 能耗监控] 注意! 插件 VexView 处理 ButtonClickEvent 事件 耗时 82ms 平均耗时 82ms!
2020-1-19 14:10:58[Yum 能耗监控] 注意! 玩家 YuukiSkniro 执行 Calendar 插件 calendar  命令 耗时 41ms 平均耗时 48ms!
2020-1-19 14:12:01[Yum 能耗监控] 注意! 插件 BlueFriends 处理 PlayerQuitEvent 事件 耗时 84ms 平均耗时 84ms!
2020-1-19 14:12:07[Yum 能耗监控] 注意! 插件 Calendar 处理 PlayerJoinEvent 事件 耗时 41ms 平均耗时 99ms!
2020-1-19 14:12:07[Yum 能耗监控] 注意! 插件 BlueFriends 处理 PlayerJoinEvent 事件 耗时 68ms 平均耗时 86ms!
2020-1-19 14:12:13[Yum 能耗监控] 注意! 玩家 YuukiSkniro 执行 Calendar 插件 calendar  命令 耗时 49ms 平均耗时 48ms!
2020-1-19 14:12:13[Yum 能耗监控] 注意! 插件 VexView 处理 ButtonClickEvent 事件 耗时 51ms 平均耗时 66ms!
2020-1-19 14:12:16[Yum 能耗监控] 注意! 玩家 YuukiSkniro 执行 Calendar 插件 calendar  命令 耗时 48ms 平均耗时 48ms!
2020-1-19 14:12:16[Yum 能耗监控] 注意! 插件 VexView 处理 ButtonClickEvent 事件 耗时 51ms 平均耗时 61ms!
2020-1-19 15:12:34[Yum 能耗监控] 注意! 插件 ProtocolLib 处理 PlayerLoginEvent 事件 耗时 89ms 平均耗时 89ms!
2020-1-19 15:12:35[Yum 能耗监控] 注意! 插件 Calendar 处理 PlayerJoinEvent 事件 耗时 176ms 平均耗时 176ms!
2020-1-19 15:12:35[Yum 能耗监控] 注意! 插件 BlueFriends 处理 PlayerJoinEvent 事件 耗时 109ms 平均耗时 109ms!
2020-1-19 15:12:35[Yum 能耗监控] 注意! 插件 Essentials 处理 PlayerTeleportEvent 事件 耗时 31ms 平均耗时 31ms!
2020-1-19 15:12:42[Yum 能耗监控] 注意! 玩家 YuukiSkniro 执行 Calendar 插件 calendar  命令 耗时 59ms 平均耗时 59ms!
2020-1-19 15:12:42[Yum 能耗监控] 注意! 插件 VexView 处理 ButtonClickEvent 事件 耗时 79ms 平均耗时 79ms!
2020-1-19 15:12:53[Yum 能耗监控] 注意! 插件 VexView 处理 ButtonClickEvent 事件 耗时 41ms 平均耗时 22ms!
2020-1-19 15:12:53[Yum 能耗监控] 注意! 插件 VexView 处理 ButtonClickEvent 事件 耗时 43ms 平均耗时 24ms!
2020-1-19 15:12:53[Yum 能耗监控] 注意! 插件 VexView 处理 ButtonClickEvent 事件 耗时 42ms 平均耗时 25ms!
2020-1-19 15:12:54[Yum 能耗监控] 注意! 插件 VexView 处理 ButtonClickEvent 事件 耗时 40ms 平均耗时 26ms!
2020-1-19 15:12:54[Yum 能耗监控] 注意! 插件 VexView 处理 ButtonClickEvent 事件 耗时 39ms 平均耗时 27ms!
2020-1-19 15:12:54[Yum 能耗监控] 注意! 插件 VexView 处理 ButtonClickEvent 事件 耗时 40ms 平均耗时 28ms!
2020-1-19 15:12:54[Yum 能耗监控] 注意! 插件 VexView 处理 ButtonClickEvent 事件 耗时 39ms 平均耗时 29ms!
2020-1-19 15:12:54[Yum 能耗监控] 注意! 插件 VexView 处理 ButtonClickEvent 事件 耗时 42ms 平均耗时 29ms!
2020-1-19 15:12:54[Yum 能耗监控] 注意! 插件 VexView 处理 ButtonClickEvent 事件 耗时 41ms 平均耗时 30ms!
2020-1-19 15:12:55[Yum 能耗监控] 注意! 插件 VexView 处理 ButtonClickEvent 事件 耗时 39ms 平均耗时 30ms!
2020-1-19 15:12:55[Yum 能耗监控] 注意! 插件 VexView 处理 ButtonClickEvent 事件 耗时 40ms 平均耗时 31ms!
2020-1-19 15:12:55[Yum 能耗监控] 注意! 插件 VexView 处理 ButtonClickEvent 事件 耗时 39ms 平均耗时 31ms!
2020-1-19 15:12:55[Yum 能耗监控] 注意! 插件 VexView 处理 ButtonClickEvent 事件 耗时 39ms 平均耗时 32ms!
2020-1-19 15:12:55[Yum 能耗监控] 注意! 插件 VexView 处理 ButtonClickEvent 事件 耗时 39ms 平均耗时 32ms!
2020-1-19 15:12:56[Yum 能耗监控] 注意! 插件 VexView 处理 ButtonClickEvent 事件 耗时 39ms 平均耗时 32ms!
2020-1-19 15:12:56[Yum 能耗监控] 注意! 插件 VexView 处理 ButtonClickEvent 事件 耗时 39ms 平均耗时 32ms!
2020-1-19 15:12:56[Yum 能耗监控] 注意! 插件 VexView 处理 ButtonClickEvent 事件 耗时 38ms 平均耗时 33ms!
2020-1-19 15:12:56[Yum 能耗监控] 注意! 插件 VexView 处理 ButtonClickEvent 事件 耗时 39ms 平均耗时 33ms!
2020-1-19 15:12:56[Yum 能耗监控] 注意! 插件 VexView 处理 ButtonClickEvent 事件 耗时 38ms 平均耗时 33ms!
2020-1-19 15:12:56[Yum 能耗监控] 注意! 插件 VexView 处理 ButtonClickEvent 事件 耗时 41ms 平均耗时 33ms!
2020-1-19 15:12:56[Yum 能耗监控] 注意! 插件 VexView 处理 ButtonClickEvent 事件 耗时 40ms 平均耗时 34ms!
2020-1-19 15:12:57[Yum 能耗监控] 注意! 插件 VexView 处理 ButtonClickEvent 事件 耗时 37ms 平均耗时 34ms!
2020-1-19 15:12:57[Yum 能耗监控] 注意! 插件 VexView 处理 ButtonClickEvent 事件 耗时 39ms 平均耗时 34ms!
2020-1-19 15:12:57[Yum 能耗监控] 注意! 插件 VexView 处理 ButtonClickEvent 事件 耗时 40ms 平均耗时 34ms!
2020-1-19 15:12:57[Yum 能耗监控] 注意! 插件 VexView 处理 ButtonClickEvent 事件 耗时 40ms 平均耗时 34ms!
2020-1-19 15:12:57[Yum 能耗监控] 注意! 插件 VexView 处理 ButtonClickEvent 事件 耗时 39ms 平均耗时 34ms!
2020-1-19 15:12:57[Yum 能耗监控] 注意! 插件 VexView 处理 ButtonClickEvent 事件 耗时 38ms 平均耗时 34ms!
2020-1-19 15:12:58[Yum 能耗监控] 注意! 插件 VexView 处理 ButtonClickEvent 事件 耗时 39ms 平均耗时 35ms!
2020-1-19 15:12:58[Yum 能耗监控] 注意! 插件 VexView 处理 ButtonClickEvent 事件 耗时 38ms 平均耗时 35ms!
2020-1-19 15:12:58[Yum 能耗监控] 注意! 插件 VexView 处理 ButtonClickEvent 事件 耗时 41ms 平均耗时 35ms!
2020-1-19 15:12:58[Yum 能耗监控] 注意! 插件 VexView 处理 ButtonClickEvent 事件 耗时 38ms 平均耗时 35ms!
2020-1-19 15:12:58[Yum 能耗监控] 注意! 插件 VexView 处理 ButtonClickEvent 事件 耗时 41ms 平均耗时 35ms!
2020-1-19 15:12:59[Yum 能耗监控] 注意! 插件 VexView 处理 ButtonClickEvent 事件 耗时 40ms 平均耗时 35ms!
2020-1-19 15:12:59[Yum 能耗监控] 注意! 插件 VexView 处理 ButtonClickEvent 事件 耗时 39ms 平均耗时 35ms!
2020-1-19 15:12:59[Yum 能耗监控] 注意! 插件 VexView 处理 ButtonClickEvent 事件 耗时 39ms 平均耗时 35ms!
2020-1-19 15:12:59[Yum 能耗监控] 注意! 插件 VexView 处理 ButtonClickEvent 事件 耗时 38ms 平均耗时 35ms!
2020-1-19 15:12:59[Yum 能耗监控] 注意! 插件 VexView 处理 ButtonClickEvent 事件 耗时 39ms 平均耗时 36ms!
2020-1-19 15:19:28[Yum 能耗监控] 注意! 插件 ProtocolLib 处理 PlayerLoginEvent 事件 耗时 54ms 平均耗时 54ms!
2020-1-19 15:19:29[Yum 能耗监控] 注意! 插件 Calendar 处理 PlayerJoinEvent 事件 耗时 152ms 平均耗时 152ms!
2020-1-19 15:19:29[Yum 能耗监控] 注意! 插件 BlueFriends 处理 PlayerJoinEvent 事件 耗时 100ms 平均耗时 100ms!
2020-1-19 15:19:29[Yum 能耗监控] 注意! 插件 Essentials 处理 PlayerTeleportEvent 事件 耗时 28ms 平均耗时 28ms!
2020-1-19 15:19:37[Yum 能耗监控] 注意! 玩家 YuukiSkniro 执行 Calendar 插件 calendar  命令 耗时 60ms 平均耗时 60ms!
2020-1-19 15:19:37[Yum 能耗监控] 注意! 插件 VexView 处理 ButtonClickEvent 事件 耗时 62ms 平均耗时 62ms!
2020-1-19 15:19:40[Yum 能耗监控] 注意! 玩家 YuukiSkniro 执行 Calendar 插件 calendar  命令 耗时 52ms 平均耗时 56ms!
2020-1-19 15:19:40[Yum 能耗监控] 注意! 插件 VexView 处理 ButtonClickEvent 事件 耗时 54ms 平均耗时 58ms!
2020-1-19 15:20:45[Yum 能耗监控] 注意! 玩家 YuukiSkniro 执行 imiPet 插件 imipet open 命令 耗时 39ms 平均耗时 39ms!
2020-1-19 15:27:02[Yum 能耗监控] 注意! 插件 BlueFriends 处理 PlayerQuitEvent 事件 耗时 94ms 平均耗时 94ms!
2020-1-19 15:28:17[Yum 能耗监控] 注意! 插件 Calendar 处理 PlayerJoinEvent 事件 耗时 43ms 平均耗时 97ms!
2020-1-19 15:28:17[Yum 能耗监控] 注意! 插件 BlueFriends 处理 PlayerJoinEvent 事件 耗时 83ms 平均耗时 91ms!
2020-1-19 15:31:02[Yum 能耗监控] 注意! 玩家 YuukiSkniro 执行 Calendar 插件 calendar  命令 耗时 49ms 平均耗时 54ms!
2020-1-19 15:50:58[Yum 能耗监控] 注意! 插件 ProtocolLib 处理 PlayerLoginEvent 事件 耗时 96ms 平均耗时 96ms!
2020-1-19 15:50:59[Yum 能耗监控] 注意! 插件 Calendar 处理 PlayerJoinEvent 事件 耗时 125ms 平均耗时 125ms!
2020-1-19 15:50:59[Yum 能耗监控] 注意! 插件 BlueFriends 处理 PlayerJoinEvent 事件 耗时 101ms 平均耗时 101ms!
2020-1-19 15:50:59[Yum 能耗监控] 注意! 插件 Essentials 处理 PlayerTeleportEvent 事件 耗时 27ms 平均耗时 27ms!
2020-1-19 15:51:57[Yum 能耗监控] 注意! 插件 BlueFriends 处理 PlayerQuitEvent 事件 耗时 115ms 平均耗时 115ms!
2020-1-19 15:52:02[Yum 能耗监控] 注意! 插件 Calendar 处理 PlayerJoinEvent 事件 耗时 45ms 平均耗时 85ms!
2020-1-19 15:52:02[Yum 能耗监控] 注意! 插件 BlueFriends 处理 PlayerJoinEvent 事件 耗时 86ms 平均耗时 93ms!
2020-1-19 15:52:09[Yum 能耗监控] 注意! 插件 VexView 处理 ButtonClickEvent 事件 耗时 33ms 平均耗时 33ms!
2020-1-19 15:59:54[Yum 能耗监控] 注意! 插件 BlueFriends 处理 PlayerQuitEvent 事件 耗时 88ms 平均耗时 101ms!
2020-1-19 19:37:08[Yum 能耗监控] 注意! 插件 ProtocolLib 处理 PlayerLoginEvent 事件 耗时 58ms 平均耗时 58ms!
2020-1-19 19:37:09[Yum 能耗监控] 注意! 插件 Calendar 处理 PlayerJoinEvent 事件 耗时 130ms 平均耗时 130ms!
2020-1-19 19:37:09[Yum 能耗监控] 注意! 插件 BlueFriends 处理 PlayerJoinEvent 事件 耗时 103ms 平均耗时 103ms!
2020-1-19 19:37:09[Yum 能耗监控] 注意! 插件 Essentials 处理 PlayerTeleportEvent 事件 耗时 35ms 平均耗时 35ms!
2020-1-19 19:37:19[Yum 能耗监控] 注意! 玩家 YuukiSkniro 执行 Calendar 插件 calendar  命令 耗时 57ms 平均耗时 57ms!
2020-1-19 19:37:19[Yum 能耗监控] 注意! 插件 VexView 处理 ButtonClickEvent 事件 耗时 60ms 平均耗时 60ms!
2020-1-19 19:37:26[Yum 能耗监控] 注意! 玩家 YuukiSkniro 执行 Calendar 插件 calendar  命令 耗时 52ms 平均耗时 55ms!
2020-1-19 19:37:26[Yum 能耗监控] 注意! 插件 VexView 处理 ButtonClickEvent 事件 耗时 54ms 平均耗时 57ms!
2020-1-19 19:37:46[Yum 能耗监控] 注意! 玩家 YuukiSkniro 执行 Calendar 插件 calendar  命令 耗时 51ms 平均耗时 54ms!
2020-1-19 19:37:46[Yum 能耗监控] 注意! 插件 VexView 处理 ButtonClickEvent 事件 耗时 53ms 平均耗时 56ms!
2020-1-19 19:39:42[Yum 能耗监控] 注意! 插件 ProtocolLib 处理 PlayerLoginEvent 事件 耗时 94ms 平均耗时 94ms!
2020-1-19 19:39:42[Yum 能耗监控] 注意! 插件 Calendar 处理 PlayerJoinEvent 事件 耗时 133ms 平均耗时 133ms!
2020-1-19 19:39:42[Yum 能耗监控] 注意! 插件 BlueFriends 处理 PlayerJoinEvent 事件 耗时 103ms 平均耗时 103ms!
2020-1-19 19:39:42[Yum 能耗监控] 注意! 插件 Essentials 处理 PlayerTeleportEvent 事件 耗时 31ms 平均耗时 31ms!
2020-1-19 19:39:52[Yum 能耗监控] 注意! 玩家 YuukiSkniro 执行 Calendar 插件 calendar  命令 耗时 61ms 平均耗时 61ms!
2020-1-19 19:39:52[Yum 能耗监控] 注意! 插件 VexView 处理 ButtonClickEvent 事件 耗时 64ms 平均耗时 64ms!
2020-1-19 19:51:06[Yum 能耗监控] 注意! 插件 ProtocolLib 处理 PlayerLoginEvent 事件 耗时 95ms 平均耗时 95ms!
2020-1-19 19:51:07[Yum 能耗监控] 注意! 插件 Calendar 处理 PlayerJoinEvent 事件 耗时 128ms 平均耗时 128ms!
2020-1-19 19:51:07[Yum 能耗监控] 注意! 插件 BlueFriends 处理 PlayerJoinEvent 事件 耗时 125ms 平均耗时 125ms!
2020-1-19 19:51:07[Yum 能耗监控] 注意! 插件 Essentials 处理 PlayerTeleportEvent 事件 耗时 28ms 平均耗时 28ms!
2020-1-19 19:51:16[Yum 能耗监控] 注意! 玩家 YuukiSkniro 执行 Calendar 插件 calendar  命令 耗时 56ms 平均耗时 56ms!
2020-1-19 19:51:16[Yum 能耗监控] 注意! 插件 VexView 处理 ButtonClickEvent 事件 耗时 59ms 平均耗时 59ms!
2020-1-19 19:51:31[Yum 能耗监控] 注意! 玩家 YuukiSkniro 执行 Calendar 插件 calendar  命令 耗时 53ms 平均耗时 54ms!
2020-1-19 19:51:31[Yum 能耗监控] 注意! 插件 VexView 处理 ButtonClickEvent 事件 耗时 55ms 平均耗时 57ms!
2020-1-19 19:52:26[Yum 能耗监控] 注意! 插件 BlueFriends 处理 PlayerQuitEvent 事件 耗时 96ms 平均耗时 96ms!
2020-1-19 19:52:33[Yum 能耗监控] 注意! 插件 Calendar 处理 PlayerJoinEvent 事件 耗时 45ms 平均耗时 86ms!
2020-1-19 19:52:33[Yum 能耗监控] 注意! 插件 BlueFriends 处理 PlayerJoinEvent 事件 耗时 72ms 平均耗时 99ms!
2020-1-19 19:56:21[Yum 能耗监控] 注意! 插件 ProtocolLib 处理 PlayerLoginEvent 事件 耗时 94ms 平均耗时 94ms!
2020-1-19 19:56:22[Yum 能耗监控] 注意! 插件 Calendar 处理 PlayerJoinEvent 事件 耗时 138ms 平均耗时 138ms!
2020-1-19 19:56:22[Yum 能耗监控] 注意! 插件 BlueFriends 处理 PlayerJoinEvent 事件 耗时 113ms 平均耗时 113ms!
2020-1-19 19:56:22[Yum 能耗监控] 注意! 插件 Essentials 处理 PlayerTeleportEvent 事件 耗时 30ms 平均耗时 30ms!
2020-1-19 19:56:43[Yum 能耗监控] 注意! 插件 BlueFriends 处理 PlayerQuitEvent 事件 耗时 80ms 平均耗时 80ms!
2020-1-19 19:56:48[Yum 能耗监控] 注意! 插件 Calendar 处理 PlayerJoinEvent 事件 耗时 45ms 平均耗时 92ms!
2020-1-19 19:56:48[Yum 能耗监控] 注意! 插件 BlueFriends 处理 PlayerJoinEvent 事件 耗时 70ms 平均耗时 91ms!
2020-1-19 19:57:40[Yum 能耗监控] 注意! 插件 ProtocolLib 处理 PlayerLoginEvent 事件 耗时 92ms 平均耗时 92ms!
2020-1-19 19:57:41[Yum 能耗监控] 注意! 插件 Calendar 处理 PlayerJoinEvent 事件 耗时 133ms 平均耗时 133ms!
2020-1-19 19:57:41[Yum 能耗监控] 注意! 插件 BlueFriends 处理 PlayerJoinEvent 事件 耗时 127ms 平均耗时 127ms!
2020-1-19 19:57:41[Yum 能耗监控] 注意! 插件 Essentials 处理 PlayerTeleportEvent 事件 耗时 27ms 平均耗时 27ms!
2020-1-19 19:59:16[Yum 能耗监控] 注意! 插件 ProtocolLib 处理 PlayerLoginEvent 事件 耗时 96ms 平均耗时 96ms!
2020-1-19 19:59:17[Yum 能耗监控] 注意! 插件 Calendar 处理 PlayerJoinEvent 事件 耗时 134ms 平均耗时 134ms!
2020-1-19 19:59:17[Yum 能耗监控] 注意! 插件 BlueFriends 处理 PlayerJoinEvent 事件 耗时 119ms 平均耗时 119ms!
2020-1-19 19:59:17[Yum 能耗监控] 注意! 插件 Essentials 处理 PlayerTeleportEvent 事件 耗时 30ms 平均耗时 30ms!
2020-1-19 20:07:28[Yum 能耗监控] 注意! 插件 ProtocolLib 处理 PlayerLoginEvent 事件 耗时 95ms 平均耗时 95ms!
2020-1-19 20:07:29[Yum 能耗监控] 注意! 插件 Calendar 处理 PlayerJoinEvent 事件 耗时 126ms 平均耗时 126ms!
2020-1-19 20:07:29[Yum 能耗监控] 注意! 插件 BlueFriends 处理 PlayerJoinEvent 事件 耗时 115ms 平均耗时 115ms!
2020-1-19 20:07:29[Yum 能耗监控] 注意! 插件 Essentials 处理 PlayerTeleportEvent 事件 耗时 29ms 平均耗时 29ms!
2020-1-19 20:10:18[Yum 能耗监控] 注意! 插件 ProtocolLib 处理 PlayerLoginEvent 事件 耗时 93ms 平均耗时 93ms!
2020-1-19 20:10:19[Yum 能耗监控] 注意! 插件 Calendar 处理 PlayerJoinEvent 事件 耗时 127ms 平均耗时 127ms!
2020-1-19 20:10:19[Yum 能耗监控] 注意! 插件 BlueFriends 处理 PlayerJoinEvent 事件 耗时 116ms 平均耗时 116ms!
2020-1-19 20:10:19[Yum 能耗监控] 注意! 插件 Essentials 处理 PlayerTeleportEvent 事件 耗时 29ms 平均耗时 29ms!
2020-1-19 20:13:50[Yum 能耗监控] 注意! 插件 ProtocolLib 处理 PlayerLoginEvent 事件 耗时 93ms 平均耗时 93ms!
2020-1-19 20:13:50[Yum 能耗监控] 注意! 插件 Calendar 处理 PlayerJoinEvent 事件 耗时 128ms 平均耗时 128ms!
2020-1-19 20:13:50[Yum 能耗监控] 注意! 插件 BlueFriends 处理 PlayerJoinEvent 事件 耗时 109ms 平均耗时 109ms!
2020-1-19 20:13:50[Yum 能耗监控] 注意! 插件 Essentials 处理 PlayerTeleportEvent 事件 耗时 30ms 平均耗时 30ms!
2020-1-19 20:13:58[Yum 能耗监控] 注意! 插件 VexView 处理 ButtonClickEvent 事件 耗时 41ms 平均耗时 41ms!
2020-1-19 20:18:57[Yum 能耗监控] 注意! 插件 ProtocolLib 处理 PlayerLoginEvent 事件 耗时 90ms 平均耗时 90ms!
2020-1-19 20:18:58[Yum 能耗监控] 注意! 插件 Calendar 处理 PlayerJoinEvent 事件 耗时 131ms 平均耗时 131ms!
2020-1-19 20:18:58[Yum 能耗监控] 注意! 插件 BlueFriends 处理 PlayerJoinEvent 事件 耗时 118ms 平均耗时 118ms!
2020-1-19 20:18:58[Yum 能耗监控] 注意! 插件 Essentials 处理 PlayerTeleportEvent 事件 耗时 27ms 平均耗时 27ms!
2020-1-19 20:19:03[Yum 能耗监控] 注意! 插件 VexView 处理 ButtonClickEvent 事件 耗时 36ms 平均耗时 36ms!
2020-1-19 20:28:29[Yum 能耗监控] 注意! 插件 ProtocolLib 处理 PlayerLoginEvent 事件 耗时 98ms 平均耗时 98ms!
2020-1-19 20:28:30[Yum 能耗监控] 注意! 插件 Calendar 处理 PlayerJoinEvent 事件 耗时 125ms 平均耗时 125ms!
2020-1-19 20:28:30[Yum 能耗监控] 注意! 插件 BlueFriends 处理 PlayerJoinEvent 事件 耗时 112ms 平均耗时 112ms!
2020-1-19 20:28:30[Yum 能耗监控] 注意! 插件 Essentials 处理 PlayerTeleportEvent 事件 耗时 26ms 平均耗时 26ms!
2020-1-19 21:36:05[Yum 能耗监控] 注意! 插件 ProtocolLib 处理 PlayerLoginEvent 事件 耗时 96ms 平均耗时 96ms!
2020-1-19 21:36:06[Yum 能耗监控] 注意! 插件 Calendar 处理 PlayerJoinEvent 事件 耗时 132ms 平均耗时 132ms!
2020-1-19 21:36:06[Yum 能耗监控] 注意! 插件 BlueFriends 处理 PlayerJoinEvent 事件 耗时 126ms 平均耗时 126ms!
2020-1-19 21:36:06[Yum 能耗监控] 注意! 插件 Essentials 处理 PlayerTeleportEvent 事件 耗时 31ms 平均耗时 31ms!
2020-1-19 21:36:12[Yum 能耗监控] 注意! 插件 VexView 处理 ButtonClickEvent 事件 耗时 44ms 平均耗时 44ms!
2020-1-19 21:37:52[Yum 能耗监控] 注意! 插件 ProtocolLib 处理 PlayerLoginEvent 事件 耗时 94ms 平均耗时 94ms!
2020-1-19 21:37:52[Yum 能耗监控] 注意! 插件 Calendar 处理 PlayerJoinEvent 事件 耗时 131ms 平均耗时 131ms!
2020-1-19 21:37:53[Yum 能耗监控] 注意! 插件 BlueFriends 处理 PlayerJoinEvent 事件 耗时 116ms 平均耗时 116ms!
2020-1-19 21:37:53[Yum 能耗监控] 注意! 插件 Essentials 处理 PlayerTeleportEvent 事件 耗时 29ms 平均耗时 29ms!
2020-1-19 21:37:58[Yum 能耗监控] 注意! 插件 VexView 处理 ButtonClickEvent 事件 耗时 36ms 平均耗时 36ms!
2020-1-19 21:39:19[Yum 能耗监控] 注意! 插件 ProtocolLib 处理 PlayerLoginEvent 事件 耗时 95ms 平均耗时 95ms!
2020-1-19 21:39:20[Yum 能耗监控] 注意! 插件 Calendar 处理 PlayerJoinEvent 事件 耗时 129ms 平均耗时 129ms!
2020-1-19 21:39:20[Yum 能耗监控] 注意! 插件 BlueFriends 处理 PlayerJoinEvent 事件 耗时 101ms 平均耗时 101ms!
2020-1-19 21:39:20[Yum 能耗监控] 注意! 插件 Essentials 处理 PlayerTeleportEvent 事件 耗时 30ms 平均耗时 30ms!
2020-1-19 21:39:26[Yum 能耗监控] 注意! 插件 VexView 处理 ButtonClickEvent 事件 耗时 36ms 平均耗时 36ms!
2020-1-19 21:43:43[Yum 能耗监控] 注意! 插件 BlueFriends 处理 PlayerQuitEvent 事件 耗时 96ms 平均耗时 96ms!
2020-1-19 21:43:52[Yum 能耗监控] 注意! 插件 Calendar 处理 PlayerJoinEvent 事件 耗时 44ms 平均耗时 87ms!
2020-1-19 21:43:52[Yum 能耗监控] 注意! 插件 BlueFriends 处理 PlayerJoinEvent 事件 耗时 79ms 平均耗时 90ms!
2020-1-19 21:46:26[Yum 能耗监控] 注意! 插件 ProtocolLib 处理 PlayerLoginEvent 事件 耗时 92ms 平均耗时 92ms!
2020-1-19 21:46:26[Yum 能耗监控] 注意! 插件 Calendar 处理 PlayerJoinEvent 事件 耗时 173ms 平均耗时 173ms!
2020-1-19 21:46:26[Yum 能耗监控] 注意! 插件 BlueFriends 处理 PlayerJoinEvent 事件 耗时 107ms 平均耗时 107ms!
2020-1-19 21:46:26[Yum 能耗监控] 注意! 插件 Essentials 处理 PlayerTeleportEvent 事件 耗时 28ms 平均耗时 28ms!
2020-1-19 21:49:24[Yum 能耗监控] 注意! 插件 ProtocolLib 处理 PlayerLoginEvent 事件 耗时 89ms 平均耗时 89ms!
2020-1-19 21:49:25[Yum 能耗监控] 注意! 插件 Calendar 处理 PlayerJoinEvent 事件 耗时 147ms 平均耗时 147ms!
2020-1-19 21:49:25[Yum 能耗监控] 注意! 插件 BlueFriends 处理 PlayerJoinEvent 事件 耗时 125ms 平均耗时 125ms!
2020-1-19 21:49:25[Yum 能耗监控] 注意! 插件 Essentials 处理 PlayerTeleportEvent 事件 耗时 29ms 平均耗时 29ms!
2020-1-19 21:53:02[Yum 能耗监控] 注意! 插件 Calendar 处理 PlayerJoinEvent 事件 耗时 52ms 平均耗时 99ms!
2020-1-19 21:53:03[Yum 能耗监控] 注意! 插件 BlueFriends 处理 PlayerJoinEvent 事件 耗时 90ms 平均耗时 108ms!
2020-1-19 21:53:19[Yum 能耗监控] 注意! 玩家 Blackhold_hd 执行 Calendar 插件 calendar  命令 耗时 51ms 平均耗时 51ms!
2020-1-19 21:53:23[Yum 能耗监控] 注意! 玩家 YuukiSkniro 执行 Calendar 插件 calendar  命令 耗时 52ms 平均耗时 51ms!
2020-1-19 21:53:26[Yum 能耗监控] 注意! 玩家 YuukiSkniro 执行 Calendar 插件 calendar  命令 耗时 51ms 平均耗时 51ms!
2020-1-19 21:53:38[Yum 能耗监控] 注意! 玩家 Blackhold_hd 执行 Calendar 插件 calendar  命令 耗时 49ms 平均耗时 51ms!
2020-1-19 21:57:58[Yum 能耗监控] 注意! 插件 BlueFriends 处理 PlayerQuitEvent 事件 耗时 92ms 平均耗时 92ms!
2020-1-19 21:58:06[Yum 能耗监控] 注意! 插件 BlueFriends 处理 PlayerQuitEvent 事件 耗时 80ms 平均耗时 86ms!
