[20:52:58] [main/DEBUG] [FML/]: Injecting tracing printstreams for STDOUT/STDERR.
[20:52:58] [main/INFO] [FML/]: Forge Mod Loader version 7.99.40.1614 for Minecraft 1.7.10 loading
[20:52:58] [main/INFO] [FML/]: Java is Java HotSpot(TM) 64-Bit Server VM, version 1.8.0_281, running on Windows 10:amd64:10.0, installed at C:\Program Files\Java\jre1.8.0_281
[20:52:58] [main/DEBUG] [FML/]: Java classpath at launch is forge-1.7.10-10.13.4.1614-1.7.10-universal.jar
[20:52:58] [main/DEBUG] [FML/]: Java library path at launch is C:\Program Files\Common Files\Oracle\Java\javapath;C:\WINDOWS\Sun\Java\bin;C:\WINDOWS\system32;C:\WINDOWS;C:\Program Files\Common Files\Oracle\Java\javapath;C:\Program Files (x86)\VMware\VMware Workstation\bin\;C:\Program Files\NVIDIA GPU Computing Toolkit\CUDA\v11.1\bin;C:\Program Files\NVIDIA GPU Computing Toolkit\CUDA\v11.1\libnvvp;C:\Program Files (x86)\Common Files\Oracle\Java\javapath;C:\Program Files (x86)\Common Files\Intel\Shared Libraries\redist\intel64_win\compiler;C:\WINDOWS\system32;C:\WINDOWS;C:\WINDOWS\System32\Wbem;C:\WINDOWS\System32\WindowsPowerShell\v1.0\;C:\WINDOWS\System32\OpenSSH\;C:\Program Files\Intel\WiFi\bin\;C:\Program Files\Common Files\Intel\WirelessCommon\;C:\Program Files\Microsoft SQL Server\130\Tools\Binn\;L:\apache-ant-1.10.0\bin\;F:\game\Games\and\platform-tools;F:\game\Games\and\tools;F:\game\Games\and\build-tools\28.0.3;";C:\Program Files\Java\jdk1.8.0_151\bin;C:\Program Files\Java\jdk1.8.0_151\jre\bin";C:\Program Files\PuTTY\;C:\Program Files (x86)\NVIDIA Corporation\PhysX\Common;C:\WINDOWS\system32;C:\WINDOWS;C:\WINDOWS\System32\Wbem;C:\WINDOWS\System32\WindowsPowerShell\v1.0\;C:\WINDOWS\System32\OpenSSH\;C:\Program Files\nodejs;C:\Users\T\AppData\Roaming\npm\node_modules\amwiki\bin\main.js;C:\Program Files\nodejs\;F:\game\Dev\wrapper\dists\gradle-4.9-bin\e9cinqnqvph59rr7g70qubb4t\gradle-4.9\bin;C:\Program Files\Common Files\Autodesk Shared\;C:\Program Files\Microsoft SQL Server\120\Tools\Binn\;C:\Program Files\NVIDIA Corporation\Nsight Compute 2020.2.0\;C:\Program Files\NVIDIA Corporation\NVIDIA NvDLISR;D:\ffmpeg-4.3.1-2020-10-01-essentials_build\bin;C:\Program Files\Microsoft SQL Server\Client SDK\ODBC\170\Tools\Binn\;C:\Program Files (x86)\CMake\bin;C:\Strawberry\c\bin;C:\Strawberry\perl\site\bin;C:\Strawberry\perl\bin;E:\vcpkg;C:\Program Files\dotnet\;C:\Program Files (x86)\IncrediBuild;C:\Program Files\Git\cmd;D:\ffmpeg-4.3.1-2020-10-01-essentials_build\bin;C:\Users\T\AppData\Local\GitHubDesktop\bin;C:\Users\T\.dotnet\tools;C:\Users\T\AppData\Local\atom\bin;C:\Users\T\.dotnet\tools;.
[20:52:58] [main/DEBUG] [FML/]: Enabling runtime deobfuscation
[20:52:58] [main/DEBUG] [FML/]: Instantiating coremod class FMLCorePlugin
[20:52:58] [main/DEBUG] [FML/]: Added access transformer class cpw.mods.fml.common.asm.transformers.AccessTransformer to enqueued access transformers
[20:52:58] [main/DEBUG] [FML/]: Enqueued coremod FMLCorePlugin
[20:52:58] [main/DEBUG] [FML/]: Instantiating coremod class FMLForgePlugin
[20:52:58] [main/DEBUG] [FML/]: Added access transformer class net.minecraftforge.transformers.ForgeAccessTransformer to enqueued access transformers
[20:52:58] [main/DEBUG] [FML/]: Enqueued coremod FMLForgePlugin
[20:52:58] [main/DEBUG] [FML/]: All fundamental core mods are successfully located
[20:52:58] [main/DEBUG] [FML/]: Attempting to load commandline specified mods, relative to E:\stt_server_project_to_STTmodX_1.7.10RE-2.5.1023.sv\.
[20:52:58] [main/DEBUG] [FML/]: Discovering coremods
[20:52:58] [main/DEBUG] [FML/]: Examining for coremod candidacy [1.7.10][Ç°ÖĂ]bspkrsCore-universal-6.16.jar
[20:52:59] [main/DEBUG] [FML/]: Not found coremod data in [1.7.10][Ç°ÖĂ]bspkrsCore-universal-6.16.jar
[20:52:59] [main/DEBUG] [FML/]: Examining for coremod candidacy [AC]AcademyCraft-1.0.7.jar
[20:52:59] [main/DEBUG] [FML/]: Not found coremod data in [AC]AcademyCraft-1.0.7.jar
[20:52:59] [main/DEBUG] [FML/]: Examining for coremod candidacy [AOBD]AOBD-2.9.2.jar
[20:52:59] [main/DEBUG] [FML/]: Not found coremod data in [AOBD]AOBD-2.9.2.jar
[20:52:59] [main/DEBUG] [FML/]: Examining for coremod candidacy [BC]buildcraft-7.1.23.jar
[20:52:59] [main/DEBUG] [FML/]: Not found coremod data in [BC]buildcraft-7.1.23.jar
[20:52:59] [main/DEBUG] [FML/]: Examining for coremod candidacy [BGO]żÉÉúł¤żóĘŻB0bGary's+Growable+Ores-2.5.4+for+1.7.10.jar
[20:52:59] [main/DEBUG] [FML/]: Not found coremod data in [BGO]żÉÉúł¤żóĘŻB0bGary's+Growable+Ores-2.5.4+for+1.7.10.jar
[20:52:59] [main/DEBUG] [FML/]: Examining for coremod candidacy [CB]ŔÁČËłř·żcookingbook-mc1.7.10-1.0.140.jar
[20:52:59] [main/DEBUG] [FML/]: Not found coremod data in [CB]ŔÁČËłř·żcookingbook-mc1.7.10-1.0.140.jar
[20:52:59] [main/DEBUG] [FML/]: Examining for coremod candidacy [FR]ÁÖŇµforestry_1.7.10-4.2.16.64.jar
[20:52:59] [main/INFO] [FML/]: Loading tweaker forestry.shade.javacheck.Java7Checker from [FR]ÁÖŇµforestry_1.7.10-4.2.16.64.jar
[20:52:59] [main/DEBUG] [FML/]: Examining for coremod candidacy [IC2]industrialcraft-2-2.2.827-experimental.jar
[20:52:59] [main/TRACE] [FML/]: Found FMLCorePluginContainsFMLMod marker in [IC2]industrialcraft-2-2.2.827-experimental.jar, it will be examined later for regular @Mod instances
[20:52:59] [main/DEBUG] [FML/]: Instantiating coremod class IC2core
[20:52:59] [main/WARN] [FML/]: The coremod ic2.core.coremod.IC2core does not have a MCVersion annotation, it may cause issues with this version of Minecraft
[20:53:00] [main/DEBUG] [FML/]: Enqueued coremod IC2core
[20:53:00] [main/DEBUG] [FML/]: Examining for coremod candidacy [NEIÇ°ÖĂ]CodeChickenCore-1.7.10-1.0.7.47-universal.jar
[20:53:00] [main/TRACE] [FML/]: Adding [NEIÇ°ÖĂ]CodeChickenCore-1.7.10-1.0.7.47-universal.jar to the list of known coremods, it will not be examined again
[20:53:00] [main/DEBUG] [FML/]: Instantiating coremod class CodeChickenCorePlugin
[20:53:01] [main/WARN] [FML/]: The coremod codechicken.core.launch.CodeChickenCorePlugin does not have a MCVersion annotation, it may cause issues with this version of Minecraft
