[LibLoader/main/INFO] LibLoader change: 
currentVersion null
bestVersion 0.1.14952247.16783-SNAPSHOT
bestFile mods\TickThreading-0.0.1-extended.jar
delete false
update true
[LibLoader/ForkJoinPool.commonPool-worker-6/INFO] Downloading library org.javassist.javassist-3.22.0-CR1 from https://jcenter.bintray.com/org/javassist/javassist/3.22.0-CR1/javassist-3.22.0-CR1.jar. Expected hash: 1a955bad6b2755153f5abb8ee808b4ac002dc26f8d9c391ebba5d6743d5dd06efc2a1dcb70e5eac0396696f7583ea89f6b5d8c05f971f54f2d56a12a2bb50e82
[LibLoader/ForkJoinPool.commonPool-worker-5/INFO] Downloading library me.nallar.whocalled.WhoCalled-1.1 from https://jcenter.bintray.com/me/nallar/whocalled/WhoCalled/1.1/WhoCalled-1.1.jar. Expected hash: 6d4275e1b41ba7ce297ccb00db0afda0e5add3e07aea80220550d11a90d9a1fe01340d3f44c7d9fe67f463c96a0a6df233a28df882515bb05834868cdcdbc04f
[LibLoader/main/INFO] Downloading library com.github.javaparser.javaparser-core-3.2.4 from https://jcenter.bintray.com/com/github/javaparser/javaparser-core/3.2.4/javaparser-core-3.2.4.jar. Expected hash: e9ecfe1bd5b9e0532d88093ba565e1420a694b10353243e1c9ba0a32c2aa5a743442df532deb5deeb6d8ab1c3c541e440cc57f1d64b86263e4b1207ed6c12163
[LibLoader/main/INFO] Downloading library org.json.json-20090211 from https://jcenter.bintray.com/org/json/json/20090211/json-20090211.jar. Expected hash: ea18db6a9b2db4753bbabfde3ebf2159c0bb71dc8ac5f8a7b6ace9666b0b82a04927952db7c9285ace05301bd2cee289d8ba022a4229550de6ba0099659a37d7
[LibLoader/main/INFO] Found libs:
[org.javassist.javassist-3.22.0-CR1
org.minimallycorrect.modpatcher.ModPatcher-1.12-SNAPSHOT
org.minimallycorrect.mixin.Mixin-1.0-SNAPSHOT
com.github.javaparser.javaparser-core-3.2.4
org.json.json-20090211
org.minimallycorrect.typedconfig.TypedConfig-0.1-SNAPSHOT
me.nallar.whocalled.WhoCalled-1.1
me.nallar.JavaPatcher-1.8
org.minimallycorrect.javatransformer.JavaTransformer-1.8.3]
[LibLoader/main/INFO] Current LaunchClassLoader URLs:
[file:/E:/STT%e5%b7%a5%e4%b8%9a%e6%95%b4%e5%90%88%e9%aa%8c%e8%af%81%e5%ae%a2%e6%88%b7%e7%ab%af%5bReleases%5d1.12.2-3.4.10%20Build-10829%20forge1.12.2-14.23.5.2854/.minecraft/libraries/net/minecraftforge/forge/1.12.2-14.23.5.2854/forge-1.12.2-14.23.5.2854.jar
file:/E:/STT工业整合验证客户端%5BReleases%5D1.12.2-3.4.10%20Build-10829%20forge1.12.2-14.23.5.2854/.minecraft/mods/%23%20LibLoader.jar
file:/E:/STT%e5%b7%a5%e4%b8%9a%e6%95%b4%e5%90%88%e9%aa%8c%e8%af%81%e5%ae%a2%e6%88%b7%e7%ab%af%5bReleases%5d1.12.2-3.4.10%20Build-10829%20forge1.12.2-14.23.5.2854/.minecraft/libraries/org/ow2/asm/asm-debug-all/5.2/asm-debug-all-5.2.jar
file:/E:/STT%e5%b7%a5%e4%b8%9a%e6%95%b4%e5%90%88%e9%aa%8c%e8%af%81%e5%ae%a2%e6%88%b7%e7%ab%af%5bReleases%5d1.12.2-3.4.10%20Build-10829%20forge1.12.2-14.23.5.2854/.minecraft/libraries/net/minecraft/launchwrapper/1.12/launchwrapper-1.12.jar
file:/E:/STT%e5%b7%a5%e4%b8%9a%e6%95%b4%e5%90%88%e9%aa%8c%e8%af%81%e5%ae%a2%e6%88%b7%e7%ab%af%5bReleases%5d1.12.2-3.4.10%20Build-10829%20forge1.12.2-14.23.5.2854/.minecraft/libraries/org/jline/jline/3.5.1/jline-3.5.1.jar
file:/E:/STT%e5%b7%a5%e4%b8%9a%e6%95%b4%e5%90%88%e9%aa%8c%e8%af%81%e5%ae%a2%e6%88%b7%e7%ab%af%5bReleases%5d1.12.2-3.4.10%20Build-10829%20forge1.12.2-14.23.5.2854/.minecraft/libraries/com/typesafe/akka/akka-actor_2.11/2.3.3/akka-actor_2.11-2.3.3.jar
file:/E:/STT%e5%b7%a5%e4%b8%9a%e6%95%b4%e5%90%88%e9%aa%8c%e8%af%81%e5%ae%a2%e6%88%b7%e7%ab%af%5bReleases%5d1.12.2-3.4.10%20Build-10829%20forge1.12.2-14.23.5.2854/.minecraft/libraries/com/typesafe/config/1.2.1/config-1.2.1.jar
file:/E:/STT%e5%b7%a5%e4%b8%9a%e6%95%b4%e5%90%88%e9%aa%8c%e8%af%81%e5%ae%a2%e6%88%b7%e7%ab%af%5bReleases%5d1.12.2-3.4.10%20Build-10829%20forge1.12.2-14.23.5.2854/.minecraft/libraries/org/scala-lang/scala-actors-migration_2.11/1.1.0/scala-actors-migration_2.11-1.1.0.jar
file:/E:/STT%e5%b7%a5%e4%b8%9a%e6%95%b4%e5%90%88%e9%aa%8c%e8%af%81%e5%ae%a2%e6%88%b7%e7%ab%af%5bReleases%5d1.12.2-3.4.10%20Build-10829%20forge1.12.2-14.23.5.2854/.minecraft/libraries/org/scala-lang/scala-compiler/2.11.1/scala-compiler-2.11.1.jar
file:/E:/STT%e5%b7%a5%e4%b8%9a%e6%95%b4%e5%90%88%e9%aa%8c%e8%af%81%e5%ae%a2%e6%88%b7%e7%ab%af%5bReleases%5d1.12.2-3.4.10%20Build-10829%20forge1.12.2-14.23.5.2854/.minecraft/libraries/org/scala-lang/plugins/scala-continuations-library_2.11/1.0.2_mc/scala-continuations-library_2.11-1.0.2_mc.jar
file:/E:/STT%e5%b7%a5%e4%b8%9a%e6%95%b4%e5%90%88%e9%aa%8c%e8%af%81%e5%ae%a2%e6%88%b7%e7%ab%af%5bReleases%5d1.12.2-3.4.10%20Build-10829%20forge1.12.2-14.23.5.2854/.minecraft/libraries/org/scala-lang/plugins/scala-continuations-plugin_2.11.1/1.0.2_mc/scala-continuations-plugin_2.11.1-1.0.2_mc.jar
file:/E:/STT%e5%b7%a5%e4%b8%9a%e6%95%b4%e5%90%88%e9%aa%8c%e8%af%81%e5%ae%a2%e6%88%b7%e7%ab%af%5bReleases%5d1.12.2-3.4.10%20Build-10829%20forge1.12.2-14.23.5.2854/.minecraft/libraries/org/scala-lang/scala-library/2.11.1/scala-library-2.11.1.jar
file:/E:/STT%e5%b7%a5%e4%b8%9a%e6%95%b4%e5%90%88%e9%aa%8c%e8%af%81%e5%ae%a2%e6%88%b7%e7%ab%af%5bReleases%5d1.12.2-3.4.10%20Build-10829%20forge1.12.2-14.23.5.2854/.minecraft/libraries/org/scala-lang/scala-parser-combinators_2.11/1.0.1/scala-parser-combinators_2.11-1.0.1.jar
file:/E:/STT%e5%b7%a5%e4%b8%9a%e6%95%b4%e5%90%88%e9%aa%8c%e8%af%81%e5%ae%a2%e6%88%b7%e7%ab%af%5bReleases%5d1.12.2-3.4.10%20Build-10829%20forge1.12.2-14.23.5.2854/.minecraft/libraries/org/scala-lang/scala-reflect/2.11.1/scala-reflect-2.11.1.jar
file:/E:/STT%e5%b7%a5%e4%b8%9a%e6%95%b4%e5%90%88%e9%aa%8c%e8%af%81%e5%ae%a2%e6%88%b7%e7%ab%af%5bReleases%5d1.12.2-3.4.10%20Build-10829%20forge1.12.2-14.23.5.2854/.minecraft/libraries/org/scala-lang/scala-swing_2.11/1.0.1/scala-swing_2.11-1.0.1.jar
file:/E:/STT%e5%b7%a5%e4%b8%9a%e6%95%b4%e5%90%88%e9%aa%8c%e8%af%81%e5%ae%a2%e6%88%b7%e7%ab%af%5bReleases%5d1.12.2-3.4.10%20Build-10829%20forge1.12.2-14.23.5.2854/.minecraft/libraries/org/scala-lang/scala-xml_2.11/1.0.2/scala-xml_2.11-1.0.2.jar
file:/E:/STT%e5%b7%a5%e4%b8%9a%e6%95%b4%e5%90%88%e9%aa%8c%e8%af%81%e5%ae%a2%e6%88%b7%e7%ab%af%5bReleases%5d1.12.2-3.4.10%20Build-10829%20forge1.12.2-14.23.5.2854/.minecraft/libraries/lzma/lzma/0.0.1/lzma-0.0.1.jar
file:/E:/STT%e5%b7%a5%e4%b8%9a%e6%95%b4%e5%90%88%e9%aa%8c%e8%af%81%e5%ae%a2%e6%88%b7%e7%ab%af%5bReleases%5d1.12.2-3.4.10%20Build-10829%20forge1.12.2-14.23.5.2854/.minecraft/libraries/java3d/vecmath/1.5.2/vecmath-1.5.2.jar
file:/E:/STT%e5%b7%a5%e4%b8%9a%e6%95%b4%e5%90%88%e9%aa%8c%e8%af%81%e5%ae%a2%e6%88%b7%e7%ab%af%5bReleases%5d1.12.2-3.4.10%20Build-10829%20forge1.12.2-14.23.5.2854/.minecraft/libraries/net/sf/trove4j/trove4j/3.0.3/trove4j-3.0.3.jar
file:/E:/STT%e5%b7%a5%e4%b8%9a%e6%95%b4%e5%90%88%e9%aa%8c%e8%af%81%e5%ae%a2%e6%88%b7%e7%ab%af%5bReleases%5d1.12.2-3.4.10%20Build-10829%20forge1.12.2-14.23.5.2854/.minecraft/libraries/org/apache/maven/maven-artifact/3.5.3/maven-artifact-3.5.3.jar
file:/E:/STT%e5%b7%a5%e4%b8%9a%e6%95%b4%e5%90%88%e9%aa%8c%e8%af%81%e5%ae%a2%e6%88%b7%e7%ab%af%5bReleases%5d1.12.2-3.4.10%20Build-10829%20forge1.12.2-14.23.5.2854/.minecraft/libraries/net/sf/jopt-simple/jopt-simple/5.0.3/jopt-simple-5.0.3.jar
file:/E:/STT%e5%b7%a5%e4%b8%9a%e6%95%b4%e5%90%88%e9%aa%8c%e8%af%81%e5%ae%a2%e6%88%b7%e7%ab%af%5bReleases%5d1.12.2-3.4.10%20Build-10829%20forge1.12.2-14.23.5.2854/.minecraft/libraries/com/mojang/patchy/1.1/patchy-1.1.jar
file:/E:/STT%e5%b7%a5%e4%b8%9a%e6%95%b4%e5%90%88%e9%aa%8c%e8%af%81%e5%ae%a2%e6%88%b7%e7%ab%af%5bReleases%5d1.12.2-3.4.10%20Build-10829%20forge1.12.2-14.23.5.2854/.minecraft/libraries/oshi-project/oshi-core/1.1/oshi-core-1.1.jar
file:/E:/STT%e5%b7%a5%e4%b8%9a%e6%95%b4%e5%90%88%e9%aa%8c%e8%af%81%e5%ae%a2%e6%88%b7%e7%ab%af%5bReleases%5d1.12.2-3.4.10%20Build-10829%20forge1.12.2-14.23.5.2854/.minecraft/libraries/net/java/dev/jna/jna/4.4.0/jna-4.4.0.jar
file:/E:/STT%e5%b7%a5%e4%b8%9a%e6%95%b4%e5%90%88%e9%aa%8c%e8%af%81%e5%ae%a2%e6%88%b7%e7%ab%af%5bReleases%5d1.12.2-3.4.10%20Build-10829%20forge1.12.2-14.23.5.2854/.minecraft/libraries/net/java/dev/jna/platform/3.4.0/platform-3.4.0.jar
file:/E:/STT%e5%b7%a5%e4%b8%9a%e6%95%b4%e5%90%88%e9%aa%8c%e8%af%81%e5%ae%a2%e6%88%b7%e7%ab%af%5bReleases%5d1.12.2-3.4.10%20Build-10829%20forge1.12.2-14.23.5.2854/.minecraft/libraries/com/ibm/icu/icu4j-core-mojang/51.2/icu4j-core-mojang-51.2.jar
file:/E:/STT%e5%b7%a5%e4%b8%9a%e6%95%b4%e5%90%88%e9%aa%8c%e8%af%81%e5%ae%a2%e6%88%b7%e7%ab%af%5bReleases%5d1.12.2-3.4.10%20Build-10829%20forge1.12.2-14.23.5.2854/.minecraft/libraries/com/paulscode/codecjorbis/20101023/codecjorbis-20101023.jar
file:/E:/STT%e5%b7%a5%e4%b8%9a%e6%95%b4%e5%90%88%e9%aa%8c%e8%af%81%e5%ae%a2%e6%88%b7%e7%ab%af%5bReleases%5d1.12.2-3.4.10%20Build-10829%20forge1.12.2-14.23.5.2854/.minecraft/libraries/com/paulscode/codecwav/20101023/codecwav-20101023.jar
file:/E:/STT%e5%b7%a5%e4%b8%9a%e6%95%b4%e5%90%88%e9%aa%8c%e8%af%81%e5%ae%a2%e6%88%b7%e7%ab%af%5bReleases%5d1.12.2-3.4.10%20Build-10829%20forge1.12.2-14.23.5.2854/.minecraft/libraries/com/paulscode/libraryjavasound/20101123/libraryjavasound-20101123.jar
file:/E:/STT%e5%b7%a5%e4%b8%9a%e6%95%b4%e5%90%88%e9%aa%8c%e8%af%81%e5%ae%a2%e6%88%b7%e7%ab%af%5bReleases%5d1.12.2-3.4.10%20Build-10829%20forge1.12.2-14.23.5.2854/.minecraft/libraries/com/paulscode/librarylwjglopenal/20100824/librarylwjglopenal-20100824.jar
file:/E:/STT%e5%b7%a5%e4%b8%9a%e6%95%b4%e5%90%88%e9%aa%8c%e8%af%81%e5%ae%a2%e6%88%b7%e7%ab%af%5bReleases%5d1.12.2-3.4.10%20Build-10829%20forge1.12.2-14.23.5.2854/.minecraft/libraries/com/paulscode/soundsystem/20120107/soundsystem-20120107.jar
file:/E:/STT%e5%b7%a5%e4%b8%9a%e6%95%b4%e5%90%88%e9%aa%8c%e8%af%81%e5%ae%a2%e6%88%b7%e7%ab%af%5bReleases%5d1.12.2-3.4.10%20Build-10829%20forge1.12.2-14.23.5.2854/.minecraft/libraries/io/netty/netty-all/4.1.9.Final/netty-all-4.1.9.Final.jar
file:/E:/STT%e5%b7%a5%e4%b8%9a%e6%95%b4%e5%90%88%e9%aa%8c%e8%af%81%e5%ae%a2%e6%88%b7%e7%ab%af%5bReleases%5d1.12.2-3.4.10%20Build-10829%20forge1.12.2-14.23.5.2854/.minecraft/libraries/com/google/guava/guava/21.0/guava-21.0.jar
file:/E:/STT%e5%b7%a5%e4%b8%9a%e6%95%b4%e5%90%88%e9%aa%8c%e8%af%81%e5%ae%a2%e6%88%b7%e7%ab%af%5bReleases%5d1.12.2-3.4.10%20Build-10829%20forge1.12.2-14.23.5.2854/.minecraft/libraries/org/apache/commons/commons-lang3/3.5/commons-lang3-3.5.jar
file:/E:/STT%e5%b7%a5%e4%b8%9a%e6%95%b4%e5%90%88%e9%aa%8c%e8%af%81%e5%ae%a2%e6%88%b7%e7%ab%af%5bReleases%5d1.12.2-3.4.10%20Build-10829%20forge1.12.2-14.23.5.2854/.minecraft/libraries/commons-io/commons-io/2.5/commons-io-2.5.jar
file:/E:/STT%e5%b7%a5%e4%b8%9a%e6%95%b4%e5%90%88%e9%aa%8c%e8%af%81%e5%ae%a2%e6%88%b7%e7%ab%af%5bReleases%5d1.12.2-3.4.10%20Build-10829%20forge1.12.2-14.23.5.2854/.minecraft/libraries/commons-codec/commons-codec/1.10/commons-codec-1.10.jar
file:/E:/STT%e5%b7%a5%e4%b8%9a%e6%95%b4%e5%90%88%e9%aa%8c%e8%af%81%e5%ae%a2%e6%88%b7%e7%ab%af%5bReleases%5d1.12.2-3.4.10%20Build-10829%20forge1.12.2-14.23.5.2854/.minecraft/libraries/net/java/jinput/jinput/2.0.5/jinput-2.0.5.jar
file:/E:/STT%e5%b7%a5%e4%b8%9a%e6%95%b4%e5%90%88%e9%aa%8c%e8%af%81%e5%ae%a2%e6%88%b7%e7%ab%af%5bReleases%5d1.12.2-3.4.10%20Build-10829%20forge1.12.2-14.23.5.2854/.minecraft/libraries/net/java/jutils/jutils/1.0.0/jutils-1.0.0.jar
file:/E:/STT%e5%b7%a5%e4%b8%9a%e6%95%b4%e5%90%88%e9%aa%8c%e8%af%81%e5%ae%a2%e6%88%b7%e7%ab%af%5bReleases%5d1.12.2-3.4.10%20Build-10829%20forge1.12.2-14.23.5.2854/.minecraft/libraries/com/google/code/gson/gson/2.8.0/gson-2.8.0.jar
file:/E:/STT%e5%b7%a5%e4%b8%9a%e6%95%b4%e5%90%88%e9%aa%8c%e8%af%81%e5%ae%a2%e6%88%b7%e7%ab%af%5bReleases%5d1.12.2-3.4.10%20Build-10829%20forge1.12.2-14.23.5.2854/.minecraft/libraries/com/mojang/authlib/1.5.25/authlib-1.5.25.jar
file:/E:/STT%e5%b7%a5%e4%b8%9a%e6%95%b4%e5%90%88%e9%aa%8c%e8%af%81%e5%ae%a2%e6%88%b7%e7%ab%af%5bReleases%5d1.12.2-3.4.10%20Build-10829%20forge1.12.2-14.23.5.2854/.minecraft/libraries/com/mojang/realms/1.10.22/realms-1.10.22.jar
file:/E:/STT%e5%b7%a5%e4%b8%9a%e6%95%b4%e5%90%88%e9%aa%8c%e8%af%81%e5%ae%a2%e6%88%b7%e7%ab%af%5bReleases%5d1.12.2-3.4.10%20Build-10829%20forge1.12.2-14.23.5.2854/.minecraft/libraries/org/apache/commons/commons-compress/1.8.1/commons-compress-1.8.1.jar
file:/E:/STT%e5%b7%a5%e4%b8%9a%e6%95%b4%e5%90%88%e9%aa%8c%e8%af%81%e5%ae%a2%e6%88%b7%e7%ab%af%5bReleases%5d1.12.2-3.4.10%20Build-10829%20forge1.12.2-14.23.5.2854/.minecraft/libraries/org/apache/httpcomponents/httpclient/4.3.3/httpclient-4.3.3.jar
file:/E:/STT%e5%b7%a5%e4%b8%9a%e6%95%b4%e5%90%88%e9%aa%8c%e8%af%81%e5%ae%a2%e6%88%b7%e7%ab%af%5bReleases%5d1.12.2-3.4.10%20Build-10829%20forge1.12.2-14.23.5.2854/.minecraft/libraries/commons-logging/commons-logging/1.1.3/commons-logging-1.1.3.jar
file:/E:/STT%e5%b7%a5%e4%b8%9a%e6%95%b4%e5%90%88%e9%aa%8c%e8%af%81%e5%ae%a2%e6%88%b7%e7%ab%af%5bReleases%5d1.12.2-3.4.10%20Build-10829%20forge1.12.2-14.23.5.2854/.minecraft/libraries/org/apache/httpcomponents/httpcore/4.3.2/httpcore-4.3.2.jar
file:/E:/STT%e5%b7%a5%e4%b8%9a%e6%95%b4%e5%90%88%e9%aa%8c%e8%af%81%e5%ae%a2%e6%88%b7%e7%ab%af%5bReleases%5d1.12.2-3.4.10%20Build-10829%20forge1.12.2-14.23.5.2854/.minecraft/libraries/it/unimi/dsi/fastutil/7.1.0/fastutil-7.1.0.jar
file:/E:/STT%e5%b7%a5%e4%b8%9a%e6%95%b4%e5%90%88%e9%aa%8c%e8%af%81%e5%ae%a2%e6%88%b7%e7%ab%af%5bReleases%5d1.12.2-3.4.10%20Build-10829%20forge1.12.2-14.23.5.2854/.minecraft/libraries/org/apache/logging/log4j/log4j-api/2.8.1/log4j-api-2.8.1.jar
file:/E:/STT%e5%b7%a5%e4%b8%9a%e6%95%b4%e5%90%88%e9%aa%8c%e8%af%81%e5%ae%a2%e6%88%b7%e7%ab%af%5bReleases%5d1.12.2-3.4.10%20Build-10829%20forge1.12.2-14.23.5.2854/.minecraft/libraries/org/apache/logging/log4j/log4j-core/2.8.1/log4j-core-2.8.1.jar
file:/E:/STT%e5%b7%a5%e4%b8%9a%e6%95%b4%e5%90%88%e9%aa%8c%e8%af%81%e5%ae%a2%e6%88%b7%e7%ab%af%5bReleases%5d1.12.2-3.4.10%20Build-10829%20forge1.12.2-14.23.5.2854/.minecraft/libraries/org/lwjgl/lwjgl/lwjgl/2.9.4-nightly-20150209/lwjgl-2.9.4-nightly-20150209.jar
file:/E:/STT%e5%b7%a5%e4%b8%9a%e6%95%b4%e5%90%88%e9%aa%8c%e8%af%81%e5%ae%a2%e6%88%b7%e7%ab%af%5bReleases%5d1.12.2-3.4.10%20Build-10829%20forge1.12.2-14.23.5.2854/.minecraft/libraries/org/lwjgl/lwjgl/lwjgl_util/2.9.4-nightly-20150209/lwjgl_util-2.9.4-nightly-20150209.jar
file:/E:/STT%e5%b7%a5%e4%b8%9a%e6%95%b4%e5%90%88%e9%aa%8c%e8%af%81%e5%ae%a2%e6%88%b7%e7%ab%af%5bReleases%5d1.12.2-3.4.10%20Build-10829%20forge1.12.2-14.23.5.2854/.minecraft/libraries/com/mojang/text2speech/1.10.3/text2speech-1.10.3.jar
file:/E:/STT%e5%b7%a5%e4%b8%9a%e6%95%b4%e5%90%88%e9%aa%8c%e8%af%81%e5%ae%a2%e6%88%b7%e7%ab%af%5bReleases%5d1.12.2-3.4.10%20Build-10829%20forge1.12.2-14.23.5.2854/.minecraft/versions/1.12.2/1.12.2.jar
file:/E:/STT工业整合验证客户端%5BReleases%5D1.12.2-3.4.10%20Build-10829%20forge1.12.2-14.23.5.2854/.minecraft/mods/%5BAC%5DAcademyCraft-1.1.3.jar
file:/E:/STT工业整合验证客户端%5BReleases%5D1.12.2-3.4.10%20Build-10829%20forge1.12.2-14.23.5.2854/.minecraft/mods/%5BCTM%5D连接材质CTM-MC1.12.2-1.0.2.31.jar
file:/E:/STT工业整合验证客户端%5BReleases%5D1.12.2-3.4.10%20Build-10829%20forge1.12.2-14.23.5.2854/.minecraft/mods/%5BLatest%5D%5B优化%5DBetterFps-1.4.8.jar
file:/E:/STT工业整合验证客户端%5BReleases%5D1.12.2-3.4.10%20Build-10829%20forge1.12.2-14.23.5.2854/.minecraft/mods/%5BLatest%5D%5B前置%5DForgelin-1.8.4.jar
file:/E:/STT工业整合验证客户端%5BReleases%5D1.12.2-3.4.10%20Build-10829%20forge1.12.2-14.23.5.2854/.minecraft/mods/%5BLatest%5D%5B泡沫修复%5Dfoamfix-0.10.10-1.12.2.jar
file:/E:/STT工业整合验证客户端%5BReleases%5D1.12.2-3.4.10%20Build-10829%20forge1.12.2-14.23.5.2854/.minecraft/mods/%5BLatest%5D%5B静谧四季%5DSereneSeasons-1.12.2-1.2.18-universal.jar
file:/E:/STT工业整合验证客户端%5BReleases%5D1.12.2-3.4.10%20Build-10829%20forge1.12.2-14.23.5.2854/.minecraft/mods/%5BR键整理%5DInventoryTweaks-1.63.jar
file:/E:/STT工业整合验证客户端%5BReleases%5D1.12.2-3.4.10%20Build-10829%20forge1.12.2-14.23.5.2854/.minecraft/mods/%5BVF%5D原版修复VanillaFix-1.0.10-150.jar
file:/E:/STT工业整合验证客户端%5BReleases%5D1.12.2-3.4.10%20Build-10829%20forge1.12.2-14.23.5.2854/.minecraft/mods/%5B前置%5DCreativeCore_v1.10.16_mc1.12.2.jar
file:/E:/STT工业整合验证客户端%5BReleases%5D1.12.2-3.4.10%20Build-10829%20forge1.12.2-14.23.5.2854/.minecraft/mods/%5B增加id上限%5DNotEnoughIDs-1.5.4.4-1.12.2.jar
file:/E:/STT工业整合验证客户端%5BReleases%5D1.12.2-3.4.10%20Build-10829%20forge1.12.2-14.23.5.2854/.minecraft/mods/%5B新版内容%5Dfuture-mc-1.12.2-0.2.3.2.jar
file:/E:/STT工业整合验证客户端%5BReleases%5D1.12.2-3.4.10%20Build-10829%20forge1.12.2-14.23.5.2854/.minecraft/mods/%5B潮涌%5D%5B优化%5DSurge-1.12.2-2.0.77.jar
file:/E:/STT工业整合验证客户端%5BReleases%5D1.12.2-3.4.10%20Build-10829%20forge1.12.2-14.23.5.2854/.minecraft/mods/%5B神化%5DApotheosis-1.12.2-1.12.5.jar
file:/E:/STT工业整合验证客户端%5BReleases%5D1.12.2-3.4.10%20Build-10829%20forge1.12.2-14.23.5.2854/.minecraft/mods/%5B高清修复%5DOptiFine_1.12.2_HD_U_F5.jar
file:/E:/STT工业整合验证客户端%5BReleases%5D1.12.2-3.4.10%20Build-10829%20forge1.12.2-14.23.5.2854/.minecraft/mods/TickThreading-0.0.1-extended.jar]
[TickThreading/main/INFO] TickThreading v0.0.1 for MC1.12.2 CoreMod initialised
[ModPatcher/main/INFO] ModPatcher running under classloader net.minecraft.launchwrapper.LaunchClassLoader
[JavaPatcher/main/INFO] Added patch minecraftExtended: Patcher.ClassPatchDescriptor(name=net.minecraft.server.MinecraftServer, patches=[Patcher.PatchDescriptor(methods=run()V, patch=replaceMethodCall)])
[JavaPatcher/main/INFO] Added patch minecraftExtended: Patcher.ClassPatchDescriptor(name=net.minecraft.profiler.Profiler, patches=[Patcher.PatchDescriptor(methods=func_76320_a(Ljava/lang/String;)V,func_76318_c(Ljava/lang/String;)V,func_76319_b()V, patch=disableMethod)])
[JavaPatcher/main/INFO] Added patch minecraftExtended: Patcher.ClassPatchDescriptor(name=net.minecraftforge.common.DimensionManager, patches=[Patcher.PatchDescriptor(methods=setWorld(), patch=synchronize)])
[ModPatcher/main/INFO] Found Mixin class 'org.minimallycorrect.tickthreading.mixin.extended.forge.MixinDimensionManager' targeting class 'net.minecraftforge.common.DimensionManager with 3 applicators.
[ModPatcher/main/INFO] Found Mixin class 'org.minimallycorrect.tickthreading.mixin.extended.forge.MixinOreDictionary' targeting class 'net.minecraftforge.oredict.OreDictionary with 3 applicators.
[ModPatcher/main/INFO] Found Mixin class 'org.minimallycorrect.tickthreading.mixin.extended.server.MixinMinecraftServer' targeting class 'net.minecraft.server.MinecraftServer with 14 applicators.
[ModPatcher/main/INFO] Found Mixin class 'org.minimallycorrect.tickthreading.mixin.extended.world.MixinWorld' targeting class 'net.minecraft.world.World with 12 applicators.
[ModPatcher/main/INFO] Found Mixin class 'org.minimallycorrect.tickthreading.mixin.extended.world.MixinWorldServer' targeting class 'net.minecraft.world.WorldServer with 4 applicators.
[ModPatcher/main/INFO] Found Mixin class 'org.minimallycorrect.tickthreading.mixin.forge.MixinFMLCommonHandler' targeting class 'net.minecraftforge.fml.common.FMLCommonHandler with 4 applicators.
[ModPatcher/main/INFO] Found Mixin class 'org.minimallycorrect.tickthreading.mixin.world.MixinChunk' targeting class 'net.minecraft.world.chunk.Chunk with 3 applicators.
[ModPatcher/main/INFO] Found Mixin class 'org.minimallycorrect.tickthreading.mixin.world.MixinChunkProviderServer' targeting class 'net.minecraft.world.gen.ChunkProviderServer with 3 applicators.
[ModPatcher/main/INFO] Found Mixin class 'org.minimallycorrect.tickthreading.mixin.world.MixinWorld' targeting class 'net.minecraft.world.World with 12 applicators.
[ModPatcher/main/INFO] Found Mixin class 'org.minimallycorrect.tickthreading.mixin.world.MixinWorldEntitySpawner' targeting class 'net.minecraft.world.WorldEntitySpawner with 9 applicators.
[ModPatcher/main/WARN] Failed to add mixin transformer exclusion for our transformer
[ModPatcher/main/INFO] Transformers: [net.minecraftforge.fml.common.asm.transformers.PatchingTransformer@7668892a, org.spongepowered.asm.mixin.transformer.Proxy@a83495d, optifine.OptiFineClassTransformer@7e83992, TransformerWrapper(net.minecraftforge.fml.common.asm.transformers.SideTransformer, FMLCorePlugin), TransformerWrapper(net.minecraftforge.fml.common.asm.transformers.EventSubscriptionTransformer, FMLCorePlugin), TransformerWrapper(net.minecraftforge.fml.common.asm.transformers.EventSubscriberTransformer, FMLCorePlugin), TransformerWrapper(net.minecraftforge.fml.common.asm.transformers.SoundEngineFixTransformer, FMLCorePlugin), TransformerWrapper(cn.lambdalib2.render.mc.PipelineTransformer, CorePlugin), TransformerWrapper(cn.lambdalib2.registry.impl.RegistryTransformer, CorePlugin), TransformerWrapper(sereneseasons.asm.transformer.EntityRendererTransformer, SSLoadingPlugin), TransformerWrapper(sereneseasons.asm.transformer.WorldTransformer, SSLoadingPlugin), guichaguri.betterfps.transformers.PatcherTransformer@4364863, guichaguri.betterfps.transformers.MathTransformer@3625a016, net.minecraftforge.fml.common.asm.transformers.DeobfuscationTransformer@267cde2e, net.minecraftforge.fml.common.asm.transformers.AccessTransformer@609e57da, pl.asie.foamfix.coremod.FoamFixAT@56dd6efa, invtweaks.forge.asm.ITAccessTransformer@4d634127, net.minecraftforge.fml.common.asm.transformers.ModAccessTransformer@d2e6b0b, net.minecraftforge.fml.common.asm.transformers.ItemStackTransformer@1f1cddf3, net.minecraftforge.fml.common.asm.transformers.ItemBlockTransformer@228bda54, net.minecraftforge.fml.common.asm.transformers.ItemBlockSpecialTransformer@75b6dd5b, net.minecraftforge.fml.common.asm.transformers.PotionEffectTransformer@b3e86d5, org.spongepowered.asm.mixin.transformer.Proxy@72b43104, TransformerWrapper(pl.asie.foamfix.coremod.FoamFixTransformer, Do not report to Forge! (If you haven't disabled the FoamFix coremod, try disabling it in the config! Note that this bit of text will still appear.)), TransformerWrapper(invtweaks.forge.asm.ContainerTransformer, Inventory Tweaks Coremod), TransformerWrapper(ru.fewizz.neid.asm.Transformer, Plugin), TransformerWrapper(shadows.ApotheosisTransformer, ApotheosisCore), TransformerWrapper(thedarkcolour.futuremc.asm.CoreTransformer, FutureMC), TransformerWrapper(team.chisel.ctm.client.asm.CTMTransformer, CTMCorePlugin), net.minecraftforge.fml.common.asm.transformers.TerminalTransformer@e111c7c, org.spongepowered.asm.mixin.transformer.Proxy@4d0e54e0, org.minimallycorrect.modpatcher.api.ModPatcherTransformer$ClassTransformer@32f96bba]
[ModPatcher/main/INFO] Handling class org.minimallycorrect.tickthreading.mixin.extended.server.MixinMinecraftServer with annotation @interface org.minimallycorrect.mixin.Mixin({})
[JavaPatcher/main/TRACE] Patching net.minecraft.server.MinecraftServer with replaceMethodCall(deobf:net.minecraft.server.MinecraftServer/run,method:func_184107_a) {run()V}
[JavaPatcher/main/TRACE] Replaced call to net.minecraft.server.MinecraftServer/func_184107_a in net.minecraft.server.MinecraftServer.run()
[ModPatcher/main/INFO] Handling class org.minimallycorrect.tickthreading.mixin.extended.world.MixinWorld with annotation @interface org.minimallycorrect.mixin.Mixin({})
[ModPatcher/main/INFO] Handling class org.minimallycorrect.tickthreading.mixin.world.MixinWorld with annotation @interface org.minimallycorrect.mixin.Mixin({})
[ModPatcher/main/INFO] Handling class org.minimallycorrect.tickthreading.mixin.extended.server.MixinMinecraftServer with annotation @interface org.minimallycorrect.mixin.Mixin({})
